{"/home/travis/build/npmtest/node-npmtest-elasticdump/test.js":{"path":"/home/travis/build/npmtest/node-npmtest-elasticdump/test.js","s":{"1":2,"2":2,"3":2,"4":2,"5":2,"6":2,"7":2,"8":1,"9":2,"10":2,"11":1,"12":1,"13":1,"14":1,"15":2,"16":2,"17":2,"18":2,"19":1,"20":1,"21":2,"22":2,"23":2,"24":1,"25":1,"26":1,"27":1,"28":1,"29":1,"30":1,"31":1,"32":1,"33":1,"34":1,"35":1,"36":1,"37":1,"38":1,"39":2,"40":2,"41":1,"42":2,"43":2,"44":1,"45":2,"46":2,"47":1,"48":2,"49":2,"50":1,"51":1,"52":1,"53":1,"54":1},"b":{"1":[2,1,1,1],"2":[1,1,1,1],"3":[1,1],"4":[1,1],"5":[1,1],"6":[1,1],"7":[1,1],"8":[1,1],"9":[1,1],"10":[1,1,1],"11":[1,1],"12":[1,1],"13":[1,1],"14":[1,1],"15":[1,1],"16":[1,1],"17":[1,1]},"f":{"1":2,"2":2,"3":2,"4":2,"5":2,"6":1,"7":1,"8":1,"9":2,"10":2,"11":2,"12":2,"13":1},"fnMap":{"1":{"name":"(anonymous_1)","line":12,"loc":{"start":{"line":12,"column":1},"end":{"line":12,"column":13}}},"2":{"name":"(anonymous_2)","line":19,"loc":{"start":{"line":19,"column":5},"end":{"line":19,"column":17}}},"3":{"name":"(anonymous_3)","line":23,"loc":{"start":{"line":23,"column":24},"end":{"line":23,"column":36}}},"4":{"name":"(anonymous_4)","line":61,"loc":{"start":{"line":61,"column":5},"end":{"line":61,"column":17}}},"5":{"name":"(anonymous_5)","line":82,"loc":{"start":{"line":82,"column":5},"end":{"line":82,"column":17}}},"6":{"name":"(anonymous_6)","line":91,"loc":{"start":{"line":91,"column":77},"end":{"line":94,"column":10}}},"7":{"name":"(anonymous_7)","line":112,"loc":{"start":{"line":112,"column":83},"end":{"line":115,"column":10}},"skip":true},"8":{"name":"(anonymous_8)","line":123,"loc":{"start":{"line":123,"column":77},"end":{"line":126,"column":10}},"skip":true},"9":{"name":"(anonymous_9)","line":139,"loc":{"start":{"line":139,"column":12},"end":{"line":139,"column":40}},"skip":true},"10":{"name":"(anonymous_10)","line":147,"loc":{"start":{"line":147,"column":77},"end":{"line":150,"column":10}},"skip":true},"11":{"name":"(anonymous_11)","line":158,"loc":{"start":{"line":158,"column":83},"end":{"line":161,"column":10}},"skip":true},"12":{"name":"(anonymous_12)","line":169,"loc":{"start":{"line":169,"column":79},"end":{"line":172,"column":10}},"skip":true},"13":{"name":"(anonymous_13)","line":180,"loc":{"start":{"line":180,"column":75},"end":{"line":183,"column":10}},"skip":true}},"statementMap":{"1":{"start":{"line":12,"column":0},"end":{"line":195,"column":5}},"2":{"start":{"line":14,"column":4},"end":{"line":14,"column":14}},"3":{"start":{"line":19,"column":4},"end":{"line":56,"column":9}},"4":{"start":{"line":21,"column":8},"end":{"line":21,"column":19}},"5":{"start":{"line":23,"column":8},"end":{"line":35,"column":13}},"6":{"start":{"line":24,"column":12},"end":{"line":34,"column":13}},"7":{"start":{"line":25,"column":16},"end":{"line":28,"column":30}},"8":{"start":{"line":30,"column":16},"end":{"line":33,"column":27}},"9":{"start":{"line":37,"column":8},"end":{"line":39,"column":21}},"10":{"start":{"line":40,"column":8},"end":{"line":53,"column":9}},"11":{"start":{"line":43,"column":12},"end":{"line":46,"column":14}},"12":{"start":{"line":47,"column":12},"end":{"line":47,"column":18}},"13":{"start":{"line":50,"column":12},"end":{"line":51,"column":33}},"14":{"start":{"line":52,"column":12},"end":{"line":52,"column":18}},"15":{"start":{"line":55,"column":8},"end":{"line":55,"column":35}},"16":{"start":{"line":61,"column":4},"end":{"line":63,"column":9}},"17":{"start":{"line":62,"column":8},"end":{"line":62,"column":15}},"18":{"start":{"line":64,"column":4},"end":{"line":77,"column":5}},"19":{"start":{"line":70,"column":8},"end":{"line":70,"column":14}},"20":{"start":{"line":76,"column":8},"end":{"line":76,"column":14}},"21":{"start":{"line":82,"column":4},"end":{"line":84,"column":9}},"22":{"start":{"line":83,"column":8},"end":{"line":83,"column":15}},"23":{"start":{"line":85,"column":4},"end":{"line":194,"column":5}},"24":{"start":{"line":91,"column":8},"end":{"line":99,"column":10}},"25":{"start":{"line":98,"column":12},"end":{"line":98,"column":35}},"26":{"start":{"line":102,"column":8},"end":{"line":104,"column":63}},"27":{"start":{"line":105,"column":8},"end":{"line":105,"column":14}},"28":{"start":{"line":112,"column":8},"end":{"line":121,"column":10},"skip":true},"29":{"start":{"line":119,"column":12},"end":{"line":119,"column":55},"skip":true},"30":{"start":{"line":120,"column":12},"end":{"line":120,"column":48},"skip":true},"31":{"start":{"line":123,"column":8},"end":{"line":136,"column":10},"skip":true},"32":{"start":{"line":130,"column":12},"end":{"line":130,"column":76},"skip":true},"33":{"start":{"line":131,"column":12},"end":{"line":131,"column":73},"skip":true},"34":{"start":{"line":132,"column":12},"end":{"line":132,"column":74},"skip":true},"35":{"start":{"line":133,"column":12},"end":{"line":133,"column":79},"skip":true},"36":{"start":{"line":134,"column":12},"end":{"line":134,"column":25},"skip":true},"37":{"start":{"line":135,"column":12},"end":{"line":135,"column":45},"skip":true},"38":{"start":{"line":138,"column":8},"end":{"line":145,"column":14},"skip":true},"39":{"start":{"line":143,"column":16},"end":{"line":143,"column":29},"skip":true},"40":{"start":{"line":144,"column":16},"end":{"line":144,"column":55},"skip":true},"41":{"start":{"line":147,"column":8},"end":{"line":156,"column":10},"skip":true},"42":{"start":{"line":154,"column":12},"end":{"line":154,"column":25},"skip":true},"43":{"start":{"line":155,"column":12},"end":{"line":155,"column":45},"skip":true},"44":{"start":{"line":158,"column":8},"end":{"line":167,"column":10},"skip":true},"45":{"start":{"line":165,"column":12},"end":{"line":165,"column":25},"skip":true},"46":{"start":{"line":166,"column":12},"end":{"line":166,"column":48},"skip":true},"47":{"start":{"line":169,"column":8},"end":{"line":178,"column":10},"skip":true},"48":{"start":{"line":176,"column":12},"end":{"line":176,"column":25},"skip":true},"49":{"start":{"line":177,"column":12},"end":{"line":177,"column":46},"skip":true},"50":{"start":{"line":180,"column":8},"end":{"line":189,"column":10},"skip":true},"51":{"start":{"line":187,"column":12},"end":{"line":187,"column":94},"skip":true},"52":{"start":{"line":188,"column":12},"end":{"line":188,"column":48},"skip":true},"53":{"start":{"line":192,"column":8},"end":{"line":192,"column":35},"skip":true},"54":{"start":{"line":193,"column":8},"end":{"line":193,"column":14},"skip":true}},"branchMap":{"1":{"line":25,"type":"binary-expr","locations":[{"start":{"line":25,"column":23},"end":{"line":25,"column":62}},{"start":{"line":26,"column":20},"end":{"line":26,"column":70}},{"start":{"line":27,"column":20},"end":{"line":27,"column":71}},{"start":{"line":28,"column":20},"end":{"line":28,"column":29}}]},"2":{"line":30,"type":"binary-expr","locations":[{"start":{"line":30,"column":23},"end":{"line":30,"column":37}},{"start":{"line":31,"column":20},"end":{"line":31,"column":61}},{"start":{"line":32,"column":20},"end":{"line":32,"column":70}},{"start":{"line":33,"column":20},"end":{"line":33,"column":26}}]},"3":{"line":37,"type":"cond-expr","locations":[{"start":{"line":38,"column":14},"end":{"line":38,"column":20}},{"start":{"line":39,"column":14},"end":{"line":39,"column":20}}]},"4":{"line":40,"type":"switch","locations":[{"start":{"line":42,"column":8},"end":{"line":47,"column":18}},{"start":{"line":49,"column":8},"end":{"line":52,"column":18}}]},"5":{"line":44,"type":"binary-expr","locations":[{"start":{"line":44,"column":16},"end":{"line":44,"column":44}},{"start":{"line":44,"column":48},"end":{"line":44,"column":66}}]},"6":{"line":50,"type":"binary-expr","locations":[{"start":{"line":50,"column":21},"end":{"line":50,"column":49}},{"start":{"line":50,"column":53},"end":{"line":50,"column":72}}]},"7":{"line":64,"type":"switch","locations":[{"start":{"line":69,"column":4},"end":{"line":70,"column":14}},{"start":{"line":75,"column":4},"end":{"line":76,"column":14}}]},"8":{"line":85,"type":"switch","locations":[{"start":{"line":90,"column":4},"end":{"line":105,"column":14}},{"start":{"line":111,"column":4},"end":{"line":193,"column":14},"skip":true}]},"9":{"line":91,"type":"binary-expr","locations":[{"start":{"line":91,"column":42},"end":{"line":91,"column":73}},{"start":{"line":91,"column":77},"end":{"line":99,"column":9}}]},"10":{"line":102,"type":"binary-expr","locations":[{"start":{"line":102,"column":18},"end":{"line":102,"column":32}},{"start":{"line":103,"column":12},"end":{"line":103,"column":53}},{"start":{"line":104,"column":12},"end":{"line":104,"column":61}}]},"11":{"line":112,"type":"binary-expr","locations":[{"start":{"line":112,"column":45},"end":{"line":112,"column":79},"skip":true},{"start":{"line":112,"column":83},"end":{"line":121,"column":9},"skip":true}]},"12":{"line":123,"type":"binary-expr","locations":[{"start":{"line":123,"column":42},"end":{"line":123,"column":73},"skip":true},{"start":{"line":123,"column":77},"end":{"line":136,"column":9},"skip":true}]},"13":{"line":138,"type":"binary-expr","locations":[{"start":{"line":138,"column":48},"end":{"line":138,"column":85},"skip":true},{"start":{"line":139,"column":12},"end":{"line":145,"column":13},"skip":true}]},"14":{"line":147,"type":"binary-expr","locations":[{"start":{"line":147,"column":42},"end":{"line":147,"column":73},"skip":true},{"start":{"line":147,"column":77},"end":{"line":156,"column":9},"skip":true}]},"15":{"line":158,"type":"binary-expr","locations":[{"start":{"line":158,"column":45},"end":{"line":158,"column":79},"skip":true},{"start":{"line":158,"column":83},"end":{"line":167,"column":9},"skip":true}]},"16":{"line":169,"type":"binary-expr","locations":[{"start":{"line":169,"column":43},"end":{"line":169,"column":75},"skip":true},{"start":{"line":169,"column":79},"end":{"line":178,"column":9},"skip":true}]},"17":{"line":180,"type":"binary-expr","locations":[{"start":{"line":180,"column":41},"end":{"line":180,"column":71},"skip":true},{"start":{"line":180,"column":75},"end":{"line":189,"column":9},"skip":true}]}},"code":["/* istanbul instrument in package npmtest_elasticdump */","/*jslint","    bitwise: true,","    browser: true,","    maxerr: 8,","    maxlen: 96,","    node: true,","    nomen: true,","    regexp: true,","    stupid: true","*/","(function () {","    'use strict';","    var local;","","","","    // run shared js-env code - init-before","    (function () {","        // init local","        local = {};","        // init modeJs","        local.modeJs = (function () {","            try {","                return typeof navigator.userAgent === 'string' &&","                    typeof document.querySelector('body') === 'object' &&","                    typeof XMLHttpRequest.prototype.open === 'function' &&","                    'browser';","            } catch (errorCaughtBrowser) {","                return module.exports &&","                    typeof process.versions.node === 'string' &&","                    typeof require('http').createServer === 'function' &&","                    'node';","            }","        }());","        // init global","        local.global = local.modeJs === 'browser'","            ? window","            : global;","        switch (local.modeJs) {","        // re-init local from window.local","        case 'browser':","            local = local.global.utility2.objectSetDefault(","                local.global.utility2_rollup || local.global.local,","                local.global.utility2","            );","            break;","        // re-init local from example.js","        case 'node':","            local = (local.global.utility2_rollup || require('utility2'))","                .requireReadme();","            break;","        }","        // export local","        local.global.local = local;","    }());","","","","    // run shared js-env code - function","    (function () {","        return;","    }());","    switch (local.modeJs) {","","","","    // run browser js-env code - function","    case 'browser':","        break;","","","","    // run node js-env code - function","    case 'node':","        break;","    }","","","","    // run shared js-env code - init-after","    (function () {","        return;","    }());","    switch (local.modeJs) {","","","","    // run browser js-env code - init-after","    case 'browser':","        local.testCase_browser_nullCase = local.testCase_browser_nullCase || function (","            options,","            onError","        ) {","        /*","         * this function will test browsers's null-case handling-behavior-behavior","         */","            onError(null, options);","        };","","        // run tests","        local.nop(local.modeTest &&","            document.querySelector('#testRunButton1') &&","            document.querySelector('#testRunButton1').click());","        break;","","","","    // run node js-env code - init-after","    /* istanbul ignore next */","    case 'node':","        local.testCase_buildApidoc_default = local.testCase_buildApidoc_default || function (","            options,","            onError","        ) {","        /*","         * this function will test buildApidoc's default handling-behavior-behavior","         */","            options = { modulePathList: module.paths };","            local.buildApidoc(options, onError);","        };","","        local.testCase_buildApp_default = local.testCase_buildApp_default || function (","            options,","            onError","        ) {","        /*","         * this function will test buildApp's default handling-behavior-behavior","         */","            local.testCase_buildReadme_default(options, local.onErrorThrow);","            local.testCase_buildLib_default(options, local.onErrorThrow);","            local.testCase_buildTest_default(options, local.onErrorThrow);","            local.testCase_buildCustomOrg_default(options, local.onErrorThrow);","            options = [];","            local.buildApp(options, onError);","        };","","        local.testCase_buildCustomOrg_default = local.testCase_buildCustomOrg_default ||","            function (options, onError) {","            /*","             * this function will test buildCustomOrg's default handling-behavior","             */","                options = {};","                local.buildCustomOrg(options, onError);","            };","","        local.testCase_buildLib_default = local.testCase_buildLib_default || function (","            options,","            onError","        ) {","        /*","         * this function will test buildLib's default handling-behavior","         */","            options = {};","            local.buildLib(options, onError);","        };","","        local.testCase_buildReadme_default = local.testCase_buildReadme_default || function (","            options,","            onError","        ) {","        /*","         * this function will test buildReadme's default handling-behavior-behavior","         */","            options = {};","            local.buildReadme(options, onError);","        };","","        local.testCase_buildTest_default = local.testCase_buildTest_default || function (","            options,","            onError","        ) {","        /*","         * this function will test buildTest's default handling-behavior","         */","            options = {};","            local.buildTest(options, onError);","        };","","        local.testCase_webpage_default = local.testCase_webpage_default || function (","            options,","            onError","        ) {","        /*","         * this function will test webpage's default handling-behavior","         */","            options = { modeCoverageMerge: true, url: local.serverLocalHost + '?modeTest=1' };","            local.browserTest(options, onError);","        };","","        // run test-server","        local.testRunServer(local);","        break;","    }","}());",""],"l":{"12":2,"14":2,"19":2,"21":2,"23":2,"24":2,"25":2,"30":1,"37":2,"40":2,"43":1,"47":1,"50":1,"52":1,"55":2,"61":2,"62":2,"64":2,"70":1,"76":1,"82":2,"83":2,"85":2,"91":1,"98":1,"102":1,"105":1,"112":1,"119":1,"120":1,"123":1,"130":1,"131":1,"132":1,"133":1,"134":1,"135":1,"138":1,"143":2,"144":2,"147":1,"154":2,"155":2,"158":1,"165":2,"166":2,"169":1,"176":2,"177":2,"180":1,"187":1,"188":1,"192":1,"193":1}},"/home/travis/build/npmtest/node-npmtest-elasticdump/lib.npmtest_elasticdump.js":{"path":"/home/travis/build/npmtest/node-npmtest-elasticdump/lib.npmtest_elasticdump.js","s":{"1":2,"2":2,"3":2,"4":2,"5":2,"6":2,"7":2,"8":1,"9":2,"10":2,"11":2,"12":2,"13":1,"14":1,"15":1,"16":1},"b":{"1":[2,1,1,1],"2":[1,1,1,1],"3":[1,1],"4":[2,2],"5":[1,1]},"f":{"1":2,"2":2,"3":2},"fnMap":{"1":{"name":"(anonymous_1)","line":12,"loc":{"start":{"line":12,"column":1},"end":{"line":12,"column":13}}},"2":{"name":"(anonymous_2)","line":19,"loc":{"start":{"line":19,"column":5},"end":{"line":19,"column":17}}},"3":{"name":"(anonymous_3)","line":23,"loc":{"start":{"line":23,"column":24},"end":{"line":23,"column":36}}}},"statementMap":{"1":{"start":{"line":12,"column":0},"end":{"line":53,"column":5}},"2":{"start":{"line":14,"column":4},"end":{"line":14,"column":14}},"3":{"start":{"line":19,"column":4},"end":{"line":52,"column":9}},"4":{"start":{"line":21,"column":8},"end":{"line":21,"column":19}},"5":{"start":{"line":23,"column":8},"end":{"line":35,"column":13}},"6":{"start":{"line":24,"column":12},"end":{"line":34,"column":13}},"7":{"start":{"line":25,"column":16},"end":{"line":28,"column":30}},"8":{"start":{"line":30,"column":16},"end":{"line":33,"column":27}},"9":{"start":{"line":37,"column":8},"end":{"line":39,"column":21}},"10":{"start":{"line":41,"column":8},"end":{"line":41,"column":54}},"11":{"start":{"line":43,"column":8},"end":{"line":43,"column":56}},"12":{"start":{"line":45,"column":8},"end":{"line":51,"column":9}},"13":{"start":{"line":46,"column":12},"end":{"line":46,"column":62}},"14":{"start":{"line":48,"column":12},"end":{"line":48,"column":35}},"15":{"start":{"line":49,"column":12},"end":{"line":49,"column":49}},"16":{"start":{"line":50,"column":12},"end":{"line":50,"column":43}}},"branchMap":{"1":{"line":25,"type":"binary-expr","locations":[{"start":{"line":25,"column":23},"end":{"line":25,"column":62}},{"start":{"line":26,"column":20},"end":{"line":26,"column":70}},{"start":{"line":27,"column":20},"end":{"line":27,"column":71}},{"start":{"line":28,"column":20},"end":{"line":28,"column":29}}]},"2":{"line":30,"type":"binary-expr","locations":[{"start":{"line":30,"column":23},"end":{"line":30,"column":37}},{"start":{"line":31,"column":20},"end":{"line":31,"column":61}},{"start":{"line":32,"column":20},"end":{"line":32,"column":70}},{"start":{"line":33,"column":20},"end":{"line":33,"column":26}}]},"3":{"line":37,"type":"cond-expr","locations":[{"start":{"line":38,"column":14},"end":{"line":38,"column":20}},{"start":{"line":39,"column":14},"end":{"line":39,"column":20}}]},"4":{"line":41,"type":"binary-expr","locations":[{"start":{"line":41,"column":16},"end":{"line":41,"column":44}},{"start":{"line":41,"column":48},"end":{"line":41,"column":53}}]},"5":{"line":45,"type":"if","locations":[{"start":{"line":45,"column":8},"end":{"line":45,"column":8}},{"start":{"line":45,"column":8},"end":{"line":45,"column":8}}]}},"code":["/* istanbul instrument in package npmtest_elasticdump */","/*jslint","    bitwise: true,","    browser: true,","    maxerr: 8,","    maxlen: 96,","    node: true,","    nomen: true,","    regexp: true,","    stupid: true","*/","(function () {","    'use strict';","    var local;","","","","    // run shared js-env code - init-before","    (function () {","        // init local","        local = {};","        // init modeJs","        local.modeJs = (function () {","            try {","                return typeof navigator.userAgent === 'string' &&","                    typeof document.querySelector('body') === 'object' &&","                    typeof XMLHttpRequest.prototype.open === 'function' &&","                    'browser';","            } catch (errorCaughtBrowser) {","                return module.exports &&","                    typeof process.versions.node === 'string' &&","                    typeof require('http').createServer === 'function' &&","                    'node';","            }","        }());","        // init global","        local.global = local.modeJs === 'browser'","            ? window","            : global;","        // init utility2_rollup","        local = local.global.utility2_rollup || local;","        // init lib","        local.local = local.npmtest_elasticdump = local;","        // init exports","        if (local.modeJs === 'browser') {","            local.global.utility2_npmtest_elasticdump = local;","        } else {","            module.exports = local;","            module.exports.__dirname = __dirname;","            module.exports.module = module;","        }","    }());","}());",""],"l":{"12":2,"14":2,"19":2,"21":2,"23":2,"24":2,"25":2,"30":1,"37":2,"41":2,"43":2,"45":2,"46":1,"48":1,"49":1,"50":1}},"/home/travis/build/npmtest/node-npmtest-elasticdump/example.js":{"path":"/home/travis/build/npmtest/node-npmtest-elasticdump/example.js","s":{"1":2,"2":2,"3":2,"4":2,"5":2,"6":2,"7":2,"8":1,"9":2,"10":2,"11":2,"12":2,"13":1,"14":2,"15":2,"16":2,"17":2,"18":2,"19":0,"20":2,"21":1,"22":1,"23":1,"24":1,"25":1,"26":0,"27":0,"28":1,"29":1,"30":2,"31":0,"32":0,"33":0,"34":1,"35":2,"36":2,"37":3,"38":3,"39":3,"40":3,"41":0,"42":3,"43":3,"44":3,"45":1,"46":3,"47":1,"48":1,"49":1,"50":1,"51":1,"52":1,"53":1,"54":1,"55":1,"56":1,"57":0,"58":1,"59":6,"60":6,"61":1,"62":2,"63":0,"64":2,"65":1,"66":1,"67":0,"68":0,"69":0,"70":0,"71":0,"72":0,"73":0,"74":0,"75":0,"76":0,"77":0,"78":0,"79":0,"80":0,"81":0,"82":0,"83":0},"b":{"1":[2,1,1,1],"2":[1,1,1,1],"3":[1,1],"4":[2,2],"5":[1,1],"6":[1,1],"7":[2,0],"8":[2,1,1,1,1,1],"9":[0,2,0],"10":[1,1],"11":[2,1,1],"12":[1,0],"13":[0,2],"14":[2,0,0,0,0,0,0],"15":[0,3],"16":[3,0],"17":[1,1],"18":[0,1],"19":[1,2,0,2],"20":[1,0],"21":[1,1],"22":[0,0],"23":[0,0],"24":[0,0],"25":[0,0],"26":[0,0],"27":[0,0],"28":[0,0]},"f":{"1":2,"2":2,"3":2,"4":2,"5":2,"6":2,"7":3,"8":3,"9":3,"10":1,"11":6,"12":0},"fnMap":{"1":{"name":"(anonymous_1)","line":26,"loc":{"start":{"line":26,"column":1},"end":{"line":26,"column":13}}},"2":{"name":"(anonymous_2)","line":33,"loc":{"start":{"line":33,"column":5},"end":{"line":33,"column":17}}},"3":{"name":"(anonymous_3)","line":37,"loc":{"start":{"line":37,"column":24},"end":{"line":37,"column":36}}},"4":{"name":"(anonymous_4)","line":69,"loc":{"start":{"line":69,"column":31},"end":{"line":69,"column":48}},"skip":true},"5":{"name":"(anonymous_5)","line":78,"loc":{"start":{"line":78,"column":26},"end":{"line":78,"column":45}},"skip":true},"6":{"name":"(anonymous_6)","line":123,"loc":{"start":{"line":123,"column":33},"end":{"line":123,"column":48}},"skip":true},"7":{"name":"(anonymous_7)","line":125,"loc":{"start":{"line":125,"column":27},"end":{"line":125,"column":39}},"skip":true},"8":{"name":"(anonymous_8)","line":133,"loc":{"start":{"line":133,"column":59},"end":{"line":133,"column":74}},"skip":true},"9":{"name":"(anonymous_9)","line":143,"loc":{"start":{"line":143,"column":45},"end":{"line":143,"column":62}},"skip":true},"10":{"name":"(anonymous_10)","line":144,"loc":{"start":{"line":144,"column":73},"end":{"line":144,"column":92}},"skip":true},"11":{"name":"(anonymous_11)","line":272,"loc":{"start":{"line":272,"column":51},"end":{"line":272,"column":77}},"skip":true},"12":{"name":"(anonymous_12)","line":315,"loc":{"start":{"line":315,"column":32},"end":{"line":315,"column":61}},"skip":true}},"statementMap":{"1":{"start":{"line":26,"column":0},"end":{"line":326,"column":5}},"2":{"start":{"line":28,"column":4},"end":{"line":28,"column":14}},"3":{"start":{"line":33,"column":4},"end":{"line":60,"column":9}},"4":{"start":{"line":35,"column":8},"end":{"line":35,"column":19}},"5":{"start":{"line":37,"column":8},"end":{"line":49,"column":13}},"6":{"start":{"line":38,"column":12},"end":{"line":48,"column":13}},"7":{"start":{"line":39,"column":16},"end":{"line":42,"column":30}},"8":{"start":{"line":44,"column":16},"end":{"line":47,"column":27}},"9":{"start":{"line":51,"column":8},"end":{"line":53,"column":21}},"10":{"start":{"line":55,"column":8},"end":{"line":57,"column":45}},"11":{"start":{"line":59,"column":8},"end":{"line":59,"column":35}},"12":{"start":{"line":61,"column":4},"end":{"line":325,"column":5}},"13":{"start":{"line":69,"column":8},"end":{"line":121,"column":10},"skip":true},"14":{"start":{"line":70,"column":12},"end":{"line":88,"column":13},"skip":true},"15":{"start":{"line":76,"column":16},"end":{"line":87,"column":19},"skip":true},"16":{"start":{"line":79,"column":20},"end":{"line":86,"column":21},"skip":true},"17":{"start":{"line":82,"column":24},"end":{"line":82,"column":43},"skip":true},"18":{"start":{"line":83,"column":24},"end":{"line":83,"column":30},"skip":true},"19":{"start":{"line":85,"column":24},"end":{"line":85,"column":49},"skip":true},"20":{"start":{"line":89,"column":12},"end":{"line":107,"column":13},"skip":true},"21":{"start":{"line":92,"column":16},"end":{"line":102,"column":17},"skip":true},"22":{"start":{"line":93,"column":20},"end":{"line":93,"column":86},"skip":true},"23":{"start":{"line":94,"column":20},"end":{"line":95,"column":45},"skip":true},"24":{"start":{"line":96,"column":20},"end":{"line":96,"column":42},"skip":true},"25":{"start":{"line":97,"column":20},"end":{"line":97,"column":48},"skip":true},"26":{"start":{"line":100,"column":20},"end":{"line":100,"column":85},"skip":true},"27":{"start":{"line":101,"column":20},"end":{"line":101,"column":96},"skip":true},"28":{"start":{"line":103,"column":16},"end":{"line":103,"column":22},"skip":true},"29":{"start":{"line":106,"column":16},"end":{"line":106,"column":22},"skip":true},"30":{"start":{"line":108,"column":12},"end":{"line":120,"column":13},"skip":true},"31":{"start":{"line":114,"column":16},"end":{"line":119,"column":17},"skip":true},"32":{"start":{"line":116,"column":20},"end":{"line":116,"column":78},"skip":true},"33":{"start":{"line":118,"column":20},"end":{"line":118,"column":47},"skip":true},"34":{"start":{"line":123,"column":8},"end":{"line":141,"column":11},"skip":true},"35":{"start":{"line":124,"column":12},"end":{"line":124,"column":54},"skip":true},"36":{"start":{"line":125,"column":12},"end":{"line":140,"column":14},"skip":true},"37":{"start":{"line":126,"column":16},"end":{"line":126,"column":28},"skip":true},"38":{"start":{"line":127,"column":16},"end":{"line":127,"column":69},"skip":true},"39":{"start":{"line":128,"column":16},"end":{"line":128,"column":75},"skip":true},"40":{"start":{"line":129,"column":16},"end":{"line":131,"column":17},"skip":true},"41":{"start":{"line":130,"column":20},"end":{"line":130,"column":27},"skip":true},"42":{"start":{"line":133,"column":16},"end":{"line":137,"column":36},"skip":true},"43":{"start":{"line":134,"column":20},"end":{"line":136,"column":55},"skip":true},"44":{"start":{"line":139,"column":16},"end":{"line":139,"column":57},"skip":true},"45":{"start":{"line":143,"column":8},"end":{"line":147,"column":11},"skip":true},"46":{"start":{"line":144,"column":12},"end":{"line":146,"column":15},"skip":true},"47":{"start":{"line":145,"column":16},"end":{"line":145,"column":70},"skip":true},"48":{"start":{"line":149,"column":8},"end":{"line":149,"column":31},"skip":true},"49":{"start":{"line":150,"column":8},"end":{"line":150,"column":14},"skip":true},"50":{"start":{"line":158,"column":8},"end":{"line":158,"column":31},"skip":true},"51":{"start":{"line":160,"column":8},"end":{"line":160,"column":33},"skip":true},"52":{"start":{"line":161,"column":8},"end":{"line":161,"column":37},"skip":true},"53":{"start":{"line":162,"column":8},"end":{"line":162,"column":35},"skip":true},"54":{"start":{"line":164,"column":8},"end":{"line":164,"column":50},"skip":true},"55":{"start":{"line":166,"column":8},"end":{"line":256,"column":2},"skip":true},"56":{"start":{"line":258,"column":8},"end":{"line":286,"column":9},"skip":true},"57":{"start":{"line":259,"column":12},"end":{"line":269,"column":14},"skip":true},"58":{"start":{"line":271,"column":12},"end":{"line":285,"column":19},"skip":true},"59":{"start":{"line":274,"column":20},"end":{"line":274,"column":35},"skip":true},"60":{"start":{"line":275,"column":20},"end":{"line":284,"column":21},"skip":true},"61":{"start":{"line":277,"column":24},"end":{"line":277,"column":64},"skip":true},"62":{"start":{"line":279,"column":24},"end":{"line":279,"column":40},"skip":true},"63":{"start":{"line":281,"column":24},"end":{"line":281,"column":40},"skip":true},"64":{"start":{"line":283,"column":24},"end":{"line":283,"column":39},"skip":true},"65":{"start":{"line":288,"column":8},"end":{"line":290,"column":9},"skip":true},"66":{"start":{"line":289,"column":12},"end":{"line":289,"column":18},"skip":true},"67":{"start":{"line":291,"column":8},"end":{"line":293,"column":54},"skip":true},"68":{"start":{"line":296,"column":8},"end":{"line":301,"column":37},"skip":true},"69":{"start":{"line":303,"column":8},"end":{"line":303,"column":82},"skip":true},"70":{"start":{"line":306,"column":8},"end":{"line":308,"column":9},"skip":true},"71":{"start":{"line":307,"column":12},"end":{"line":307,"column":82},"skip":true},"72":{"start":{"line":310,"column":8},"end":{"line":312,"column":9},"skip":true},"73":{"start":{"line":311,"column":12},"end":{"line":311,"column":18},"skip":true},"74":{"start":{"line":313,"column":8},"end":{"line":313,"column":54},"skip":true},"75":{"start":{"line":314,"column":8},"end":{"line":314,"column":69},"skip":true},"76":{"start":{"line":315,"column":8},"end":{"line":323,"column":36},"skip":true},"77":{"start":{"line":316,"column":12},"end":{"line":316,"column":61},"skip":true},"78":{"start":{"line":317,"column":12},"end":{"line":320,"column":13},"skip":true},"79":{"start":{"line":318,"column":16},"end":{"line":318,"column":75},"skip":true},"80":{"start":{"line":319,"column":16},"end":{"line":319,"column":23},"skip":true},"81":{"start":{"line":321,"column":12},"end":{"line":321,"column":38},"skip":true},"82":{"start":{"line":322,"column":12},"end":{"line":322,"column":27},"skip":true},"83":{"start":{"line":324,"column":8},"end":{"line":324,"column":14},"skip":true}},"branchMap":{"1":{"line":39,"type":"binary-expr","locations":[{"start":{"line":39,"column":23},"end":{"line":39,"column":62}},{"start":{"line":40,"column":20},"end":{"line":40,"column":70}},{"start":{"line":41,"column":20},"end":{"line":41,"column":71}},{"start":{"line":42,"column":20},"end":{"line":42,"column":29}}]},"2":{"line":44,"type":"binary-expr","locations":[{"start":{"line":44,"column":23},"end":{"line":44,"column":37}},{"start":{"line":45,"column":20},"end":{"line":45,"column":61}},{"start":{"line":46,"column":20},"end":{"line":46,"column":70}},{"start":{"line":47,"column":20},"end":{"line":47,"column":26}}]},"3":{"line":51,"type":"cond-expr","locations":[{"start":{"line":52,"column":14},"end":{"line":52,"column":20}},{"start":{"line":53,"column":14},"end":{"line":53,"column":20}}]},"4":{"line":55,"type":"binary-expr","locations":[{"start":{"line":55,"column":16},"end":{"line":55,"column":44}},{"start":{"line":55,"column":49},"end":{"line":57,"column":43}}]},"5":{"line":55,"type":"cond-expr","locations":[{"start":{"line":56,"column":14},"end":{"line":56,"column":55}},{"start":{"line":57,"column":14},"end":{"line":57,"column":43}}]},"6":{"line":61,"type":"switch","locations":[{"start":{"line":68,"column":4},"end":{"line":150,"column":14},"skip":true},{"start":{"line":156,"column":4},"end":{"line":324,"column":14},"skip":true}]},"7":{"line":70,"type":"if","locations":[{"start":{"line":70,"column":12},"end":{"line":70,"column":12},"skip":true},{"start":{"line":70,"column":12},"end":{"line":70,"column":12},"skip":true}]},"8":{"line":70,"type":"binary-expr","locations":[{"start":{"line":70,"column":16},"end":{"line":70,"column":22},"skip":true},{"start":{"line":70,"column":27},"end":{"line":70,"column":32},"skip":true},{"start":{"line":71,"column":20},"end":{"line":71,"column":39},"skip":true},{"start":{"line":72,"column":20},"end":{"line":72,"column":49},"skip":true},{"start":{"line":73,"column":20},"end":{"line":73,"column":58},"skip":true},{"start":{"line":74,"column":20},"end":{"line":74,"column":69},"skip":true}]},"9":{"line":79,"type":"switch","locations":[{"start":{"line":80,"column":20},"end":{"line":80,"column":33},"skip":true},{"start":{"line":81,"column":20},"end":{"line":83,"column":30},"skip":true},{"start":{"line":84,"column":20},"end":{"line":85,"column":49},"skip":true}]},"10":{"line":89,"type":"switch","locations":[{"start":{"line":90,"column":12},"end":{"line":103,"column":22},"skip":true},{"start":{"line":105,"column":12},"end":{"line":106,"column":22},"skip":true}]},"11":{"line":89,"type":"binary-expr","locations":[{"start":{"line":89,"column":20},"end":{"line":89,"column":25},"skip":true},{"start":{"line":89,"column":29},"end":{"line":89,"column":48},"skip":true},{"start":{"line":89,"column":52},"end":{"line":89,"column":74},"skip":true}]},"12":{"line":92,"type":"if","locations":[{"start":{"line":92,"column":16},"end":{"line":92,"column":16},"skip":true},{"start":{"line":92,"column":16},"end":{"line":92,"column":16},"skip":true}]},"13":{"line":108,"type":"if","locations":[{"start":{"line":108,"column":12},"end":{"line":108,"column":12},"skip":true},{"start":{"line":108,"column":12},"end":{"line":108,"column":12},"skip":true}]},"14":{"line":108,"type":"binary-expr","locations":[{"start":{"line":108,"column":16},"end":{"line":108,"column":61},"skip":true},{"start":{"line":108,"column":66},"end":{"line":108,"column":72},"skip":true},{"start":{"line":108,"column":77},"end":{"line":108,"column":82},"skip":true},{"start":{"line":109,"column":20},"end":{"line":109,"column":39},"skip":true},{"start":{"line":110,"column":20},"end":{"line":110,"column":49},"skip":true},{"start":{"line":111,"column":20},"end":{"line":111,"column":58},"skip":true},{"start":{"line":112,"column":20},"end":{"line":112,"column":68},"skip":true}]},"15":{"line":129,"type":"if","locations":[{"start":{"line":129,"column":16},"end":{"line":129,"column":16},"skip":true},{"start":{"line":129,"column":16},"end":{"line":129,"column":16},"skip":true}]},"16":{"line":134,"type":"cond-expr","locations":[{"start":{"line":135,"column":26},"end":{"line":135,"column":29},"skip":true},{"start":{"line":136,"column":26},"end":{"line":136,"column":54},"skip":true}]},"17":{"line":164,"type":"binary-expr","locations":[{"start":{"line":164,"column":27},"end":{"line":164,"column":43},"skip":true},{"start":{"line":164,"column":47},"end":{"line":164,"column":49},"skip":true}]},"18":{"line":258,"type":"if","locations":[{"start":{"line":258,"column":8},"end":{"line":258,"column":8},"skip":true},{"start":{"line":258,"column":8},"end":{"line":258,"column":8},"skip":true}]},"19":{"line":275,"type":"switch","locations":[{"start":{"line":276,"column":20},"end":{"line":277,"column":64},"skip":true},{"start":{"line":278,"column":20},"end":{"line":279,"column":40},"skip":true},{"start":{"line":280,"column":20},"end":{"line":281,"column":40},"skip":true},{"start":{"line":282,"column":20},"end":{"line":283,"column":39},"skip":true}]},"20":{"line":288,"type":"if","locations":[{"start":{"line":288,"column":8},"end":{"line":288,"column":8},"skip":true},{"start":{"line":288,"column":8},"end":{"line":288,"column":8},"skip":true}]},"21":{"line":288,"type":"binary-expr","locations":[{"start":{"line":288,"column":12},"end":{"line":288,"column":40},"skip":true},{"start":{"line":288,"column":44},"end":{"line":288,"column":67},"skip":true}]},"22":{"line":292,"type":"binary-expr","locations":[{"start":{"line":292,"column":12},"end":{"line":292,"column":50},"skip":true},{"start":{"line":293,"column":12},"end":{"line":293,"column":53},"skip":true}]},"23":{"line":297,"type":"binary-expr","locations":[{"start":{"line":297,"column":12},"end":{"line":297,"column":69},"skip":true},{"start":{"line":298,"column":12},"end":{"line":301,"column":36},"skip":true}]},"24":{"line":303,"type":"binary-expr","locations":[{"start":{"line":303,"column":43},"end":{"line":303,"column":75},"skip":true},{"start":{"line":303,"column":79},"end":{"line":303,"column":81},"skip":true}]},"25":{"line":306,"type":"if","locations":[{"start":{"line":306,"column":8},"end":{"line":306,"column":8},"skip":true},{"start":{"line":306,"column":8},"end":{"line":306,"column":8},"skip":true}]},"26":{"line":310,"type":"if","locations":[{"start":{"line":310,"column":8},"end":{"line":310,"column":8},"skip":true},{"start":{"line":310,"column":8},"end":{"line":310,"column":8},"skip":true}]},"27":{"line":313,"type":"binary-expr","locations":[{"start":{"line":313,"column":27},"end":{"line":313,"column":43},"skip":true},{"start":{"line":313,"column":47},"end":{"line":313,"column":53},"skip":true}]},"28":{"line":317,"type":"if","locations":[{"start":{"line":317,"column":12},"end":{"line":317,"column":12},"skip":true},{"start":{"line":317,"column":12},"end":{"line":317,"column":12},"skip":true}]}},"code":["/*","example.js","","quickstart example","","instruction","    1. save this script as example.js","    2. run the shell command:","        $ npm install npmtest-elasticdump && PORT=8081 node example.js","    3. play with the browser-demo on http://127.0.0.1:8081","*/","","","","/* istanbul instrument in package npmtest_elasticdump */","/*jslint","    bitwise: true,","    browser: true,","    maxerr: 8,","    maxlen: 96,","    node: true,","    nomen: true,","    regexp: true,","    stupid: true","*/","(function () {","    'use strict';","    var local;","","","","    // run shared js-env code - init-before","    (function () {","        // init local","        local = {};","        // init modeJs","        local.modeJs = (function () {","            try {","                return typeof navigator.userAgent === 'string' &&","                    typeof document.querySelector('body') === 'object' &&","                    typeof XMLHttpRequest.prototype.open === 'function' &&","                    'browser';","            } catch (errorCaughtBrowser) {","                return module.exports &&","                    typeof process.versions.node === 'string' &&","                    typeof require('http').createServer === 'function' &&","                    'node';","            }","        }());","        // init global","        local.global = local.modeJs === 'browser'","            ? window","            : global;","        // init utility2_rollup","        local = local.global.utility2_rollup || (local.modeJs === 'browser'","            ? local.global.utility2_npmtest_elasticdump","            : global.utility2_moduleExports);","        // export local","        local.global.local = local;","    }());","    switch (local.modeJs) {","","","","    // init-after","    // run browser js-env code - init-after","    /* istanbul ignore next */","    case 'browser':","        local.testRunBrowser = function (event) {","            if (!event || (event &&","                    event.currentTarget &&","                    event.currentTarget.className &&","                    event.currentTarget.className.includes &&","                    event.currentTarget.className.includes('onreset'))) {","                // reset output","                Array.from(","                    document.querySelectorAll('body > .resettable')","                ).forEach(function (element) {","                    switch (element.tagName) {","                    case 'INPUT':","                    case 'TEXTAREA':","                        element.value = '';","                        break;","                    default:","                        element.textContent = '';","                    }","                });","            }","            switch (event && event.currentTarget && event.currentTarget.id) {","            case 'testRunButton1':","                // show tests","                if (document.querySelector('#testReportDiv1').style.display === 'none') {","                    document.querySelector('#testReportDiv1').style.display = 'block';","                    document.querySelector('#testRunButton1').textContent =","                        'hide internal test';","                    local.modeTest = true;","                    local.testRunDefault(local);","                // hide tests","                } else {","                    document.querySelector('#testReportDiv1').style.display = 'none';","                    document.querySelector('#testRunButton1').textContent = 'run internal test';","                }","                break;","            // custom-case","            default:","                break;","            }","            if (document.querySelector('#inputTextareaEval1') && (!event || (event &&","                    event.currentTarget &&","                    event.currentTarget.className &&","                    event.currentTarget.className.includes &&","                    event.currentTarget.className.includes('oneval')))) {","                // try to eval input-code","                try {","                    /*jslint evil: true*/","                    eval(document.querySelector('#inputTextareaEval1').value);","                } catch (errorCaught) {","                    console.error(errorCaught);","                }","            }","        };","        // log stderr and stdout to #outputTextareaStdout1","        ['error', 'log'].forEach(function (key) {","            console[key + '_original'] = console[key];","            console[key] = function () {","                var element;","                console[key + '_original'].apply(console, arguments);","                element = document.querySelector('#outputTextareaStdout1');","                if (!element) {","                    return;","                }","                // append text to #outputTextareaStdout1","                element.value += Array.from(arguments).map(function (arg) {","                    return typeof arg === 'string'","                        ? arg","                        : JSON.stringify(arg, null, 4);","                }).join(' ') + '\\n';","                // scroll textarea to bottom","                element.scrollTop = element.scrollHeight;","            };","        });","        // init event-handling","        ['change', 'click', 'keyup'].forEach(function (event) {","            Array.from(document.querySelectorAll('.on' + event)).forEach(function (element) {","                element.addEventListener(event, local.testRunBrowser);","            });","        });","        // run tests","        local.testRunBrowser();","        break;","","","","    // run node js-env code - init-after","    /* istanbul ignore next */","    case 'node':","        // export local","        module.exports = local;","        // require modules","        local.fs = require('fs');","        local.http = require('http');","        local.url = require('url');","        // init assets","        local.assetsDict = local.assetsDict || {};","        /* jslint-ignore-begin */","        local.assetsDict['/assets.index.template.html'] = '\\","<!doctype html>\\n\\","<html lang=\"en\">\\n\\","<head>\\n\\","<meta charset=\"UTF-8\">\\n\\","<meta name=\"viewport\" content=\"width=device-width, initial-scale=1\">\\n\\","<title>{{env.npm_package_name}} (v{{env.npm_package_version}})</title>\\n\\","<style>\\n\\","/*csslint\\n\\","    box-sizing: false,\\n\\","    universal-selector: false\\n\\","*/\\n\\","* {\\n\\","    box-sizing: border-box;\\n\\","}\\n\\","body {\\n\\","    background: #dde;\\n\\","    font-family: Arial, Helvetica, sans-serif;\\n\\","    margin: 2rem;\\n\\","}\\n\\","body > * {\\n\\","    margin-bottom: 1rem;\\n\\","}\\n\\",".utility2FooterDiv {\\n\\","    margin-top: 20px;\\n\\","    text-align: center;\\n\\","}\\n\\","</style>\\n\\","<style>\\n\\","/*csslint\\n\\","*/\\n\\","textarea {\\n\\","    font-family: monospace;\\n\\","    height: 10rem;\\n\\","    width: 100%;\\n\\","}\\n\\","textarea[readonly] {\\n\\","    background: #ddd;\\n\\","}\\n\\","</style>\\n\\","</head>\\n\\","<body>\\n\\","<!-- utility2-comment\\n\\","<div id=\"ajaxProgressDiv1\" style=\"background: #d00; height: 2px; left: 0; margin: 0; padding: 0; position: fixed; top: 0; transition: background 0.5s, width 1.5s; width: 25%;\"></div>\\n\\","utility2-comment -->\\n\\","<h1>\\n\\","<!-- utility2-comment\\n\\","    <a\\n\\","        {{#if env.npm_package_homepage}}\\n\\","        href=\"{{env.npm_package_homepage}}\"\\n\\","        {{/if env.npm_package_homepage}}\\n\\","        target=\"_blank\"\\n\\","    >\\n\\","utility2-comment -->\\n\\","        {{env.npm_package_name}} (v{{env.npm_package_version}})\\n\\","<!-- utility2-comment\\n\\","    </a>\\n\\","utility2-comment -->\\n\\","</h1>\\n\\","<h3>{{env.npm_package_description}}</h3>\\n\\","<!-- utility2-comment\\n\\","<h4><a download href=\"assets.app.js\">download standalone app</a></h4>\\n\\","<button class=\"onclick onreset\" id=\"testRunButton1\">run internal test</button><br>\\n\\","<div id=\"testReportDiv1\" style=\"display: none;\"></div>\\n\\","utility2-comment -->\\n\\","\\n\\","\\n\\","\\n\\","<label>stderr and stdout</label>\\n\\","<textarea class=\"resettable\" id=\"outputTextareaStdout1\" readonly></textarea>\\n\\","<!-- utility2-comment\\n\\","{{#if isRollup}}\\n\\","<script src=\"assets.app.js\"></script>\\n\\","{{#unless isRollup}}\\n\\","utility2-comment -->\\n\\","<script src=\"assets.utility2.rollup.js\"></script>\\n\\","<script src=\"jsonp.utility2._stateInit?callback=window.utility2._stateInit\"></script>\\n\\","<script src=\"assets.npmtest_elasticdump.rollup.js\"></script>\\n\\","<script src=\"assets.example.js\"></script>\\n\\","<script src=\"assets.test.js\"></script>\\n\\","<!-- utility2-comment\\n\\","{{/if isRollup}}\\n\\","utility2-comment -->\\n\\","<div class=\"utility2FooterDiv\">\\n\\","    [ this app was created with\\n\\","    <a href=\"https://github.com/kaizhu256/node-utility2\" target=\"_blank\">utility2</a>\\n\\","    ]\\n\\","</div>\\n\\","</body>\\n\\","</html>\\n\\","';","        /* jslint-ignore-end */","        if (local.templateRender) {","            local.assetsDict['/'] = local.templateRender(","                local.assetsDict['/assets.index.template.html'],","                {","                    env: local.objectSetDefault(local.env, {","                        npm_package_description: 'the greatest app in the world!',","                        npm_package_name: 'my-app',","                        npm_package_nameAlias: 'my_app',","                        npm_package_version: '0.0.1'","                    })","                }","            );","        } else {","            local.assetsDict['/'] = local.assetsDict['/assets.index.template.html']","                .replace((/\\{\\{env\\.(\\w+?)\\}\\}/g), function (match0, match1) {","                    // jslint-hack","                    String(match0);","                    switch (match1) {","                    case 'npm_package_description':","                        return 'the greatest app in the world!';","                    case 'npm_package_name':","                        return 'my-app';","                    case 'npm_package_nameAlias':","                        return 'my_app';","                    case 'npm_package_version':","                        return '0.0.1';","                    }","                });","        }","        // run the cli","        if (local.global.utility2_rollup || module !== require.main) {","            break;","        }","        local.assetsDict['/assets.example.js'] =","            local.assetsDict['/assets.example.js'] ||","            local.fs.readFileSync(__filename, 'utf8');","        // bug-workaround - long $npm_package_buildCustomOrg","        /* jslint-ignore-begin */","        local.assetsDict['/assets.npmtest_elasticdump.rollup.js'] =","            local.assetsDict['/assets.npmtest_elasticdump.rollup.js'] ||","            local.fs.readFileSync(","                local.npmtest_elasticdump.__dirname + '/lib.npmtest_elasticdump.js',","                'utf8'","            ).replace((/^#!/), '//');","        /* jslint-ignore-end */","        local.assetsDict['/favicon.ico'] = local.assetsDict['/favicon.ico'] || '';","        // if $npm_config_timeout_exit exists,","        // then exit this process after $npm_config_timeout_exit ms","        if (Number(process.env.npm_config_timeout_exit)) {","            setTimeout(process.exit, Number(process.env.npm_config_timeout_exit));","        }","        // start server","        if (local.global.utility2_serverHttp1) {","            break;","        }","        process.env.PORT = process.env.PORT || '8081';","        console.error('server starting on port ' + process.env.PORT);","        local.http.createServer(function (request, response) {","            request.urlParsed = local.url.parse(request.url);","            if (local.assetsDict[request.urlParsed.pathname] !== undefined) {","                response.end(local.assetsDict[request.urlParsed.pathname]);","                return;","            }","            response.statusCode = 404;","            response.end();","        }).listen(process.env.PORT);","        break;","    }","}());",""],"l":{"26":2,"28":2,"33":2,"35":2,"37":2,"38":2,"39":2,"44":1,"51":2,"55":2,"59":2,"61":2,"69":1,"70":2,"76":2,"79":2,"82":2,"83":2,"85":1,"89":2,"92":1,"93":1,"94":1,"96":1,"97":1,"100":1,"101":1,"103":1,"106":1,"108":2,"114":1,"116":1,"118":1,"123":1,"124":2,"125":2,"126":3,"127":3,"128":3,"129":3,"130":1,"133":3,"134":3,"139":3,"143":1,"144":3,"145":1,"149":1,"150":1,"158":1,"160":1,"161":1,"162":1,"164":1,"166":1,"258":1,"259":1,"271":1,"274":6,"275":6,"277":1,"279":2,"281":1,"283":2,"288":1,"289":1,"291":1,"296":1,"303":1,"306":1,"307":1,"310":1,"311":1,"313":1,"314":1,"315":1,"316":1,"317":1,"318":1,"319":1,"321":1,"322":1,"324":1}},"/home/travis/build/npmtest/node-npmtest-elasticdump/node_modules/elasticdump/elasticdump.js":{"path":"/home/travis/build/npmtest/node-npmtest-elasticdump/node_modules/elasticdump/elasticdump.js","s":{"1":1,"2":1,"3":1,"4":1,"5":1,"6":1,"7":1,"8":1,"9":1,"10":0,"11":0,"12":0,"13":0,"14":0,"15":0,"16":0,"17":0,"18":0,"19":0,"20":0,"21":0,"22":0,"23":0,"24":0,"25":0,"26":0,"27":0,"28":0,"29":0,"30":0,"31":0,"32":0,"33":0,"34":0,"35":0,"36":0,"37":0,"38":0,"39":0,"40":0,"41":0,"42":0,"43":0,"44":0,"45":0,"46":0,"47":0,"48":0,"49":0,"50":0,"51":0,"52":0,"53":0,"54":0,"55":0,"56":1,"57":1,"58":0,"59":0,"60":0,"61":0,"62":0,"63":1,"64":0,"65":0,"66":0,"67":0,"68":0,"69":0,"70":0,"71":1,"72":0,"73":0,"74":0,"75":0,"76":0,"77":0,"78":0,"79":0,"80":0,"81":0,"82":0,"83":0,"84":0,"85":0,"86":0,"87":0,"88":0,"89":0,"90":0,"91":0,"92":0,"93":0,"94":0,"95":0,"96":0,"97":0,"98":0,"99":0,"100":0,"101":0,"102":0,"103":0,"104":0,"105":0,"106":0,"107":0,"108":0,"109":0,"110":0,"111":0,"112":0,"113":0,"114":0,"115":0,"116":0,"117":0,"118":0,"119":0,"120":0,"121":0,"122":0,"123":0,"124":1},"b":{"1":[0,0],"2":[0,0],"3":[0,0],"4":[0,0],"5":[0,0],"6":[0,0],"7":[0,0],"8":[0,0],"9":[0,0],"10":[0,0],"11":[0,0],"12":[0,0],"13":[0,0],"14":[0,0],"15":[0,0],"16":[0,0],"17":[0,0],"18":[0,0],"19":[0,0],"20":[0,0],"21":[0,0],"22":[0,0],"23":[0,0],"24":[0,0],"25":[0,0],"26":[0,0],"27":[0,0],"28":[0,0],"29":[0,0,0],"30":[0,0],"31":[0,0],"32":[0,0],"33":[0,0],"34":[0,0],"35":[0,0],"36":[0,0],"37":[0,0],"38":[0,0],"39":[0,0],"40":[0,0],"41":[0,0]},"f":{"1":0,"2":0,"3":0,"4":0,"5":0,"6":0,"7":0},"fnMap":{"1":{"name":"(anonymous_1)","line":10,"loc":{"start":{"line":10,"column":18},"end":{"line":10,"column":52}}},"2":{"name":"(anonymous_2)","line":86,"loc":{"start":{"line":86,"column":28},"end":{"line":86,"column":47}}},"3":{"name":"(anonymous_3)","line":96,"loc":{"start":{"line":96,"column":40},"end":{"line":96,"column":52}}},"4":{"name":"(anonymous_4)","line":101,"loc":{"start":{"line":101,"column":19},"end":{"line":101,"column":32}}},"5":{"name":"(anonymous_5)","line":110,"loc":{"start":{"line":110,"column":29},"end":{"line":110,"column":89}}},"6":{"name":"(anonymous_6)","line":133,"loc":{"start":{"line":133,"column":34},"end":{"line":133,"column":55}}},"7":{"name":"(anonymous_7)","line":142,"loc":{"start":{"line":142,"column":45},"end":{"line":142,"column":68}}}},"statementMap":{"1":{"start":{"line":1,"column":0},"end":{"line":1,"column":26}},"2":{"start":{"line":2,"column":0},"end":{"line":2,"column":26}},"3":{"start":{"line":3,"column":0},"end":{"line":3,"column":28}},"4":{"start":{"line":4,"column":0},"end":{"line":4,"column":26}},"5":{"start":{"line":5,"column":0},"end":{"line":5,"column":49}},"6":{"start":{"line":6,"column":0},"end":{"line":6,"column":35}},"7":{"start":{"line":7,"column":0},"end":{"line":7,"column":22}},"8":{"start":{"line":8,"column":0},"end":{"line":8,"column":39}},"9":{"start":{"line":10,"column":0},"end":{"line":82,"column":1}},"10":{"start":{"line":11,"column":2},"end":{"line":11,"column":17}},"11":{"start":{"line":13,"column":2},"end":{"line":13,"column":20}},"12":{"start":{"line":14,"column":2},"end":{"line":14,"column":22}},"13":{"start":{"line":15,"column":2},"end":{"line":15,"column":24}},"14":{"start":{"line":17,"column":2},"end":{"line":19,"column":3}},"15":{"start":{"line":18,"column":4},"end":{"line":18,"column":29}},"16":{"start":{"line":21,"column":2},"end":{"line":21,"column":48}},"17":{"start":{"line":23,"column":2},"end":{"line":27,"column":3}},"18":{"start":{"line":24,"column":4},"end":{"line":24,"column":65}},"19":{"start":{"line":25,"column":4},"end":{"line":25,"column":52}},"20":{"start":{"line":26,"column":4},"end":{"line":26,"column":53}},"21":{"start":{"line":29,"column":2},"end":{"line":29,"column":16}},"22":{"start":{"line":30,"column":2},"end":{"line":51,"column":3}},"23":{"start":{"line":31,"column":4},"end":{"line":38,"column":5}},"24":{"start":{"line":32,"column":6},"end":{"line":32,"column":38}},"25":{"start":{"line":33,"column":6},"end":{"line":35,"column":7}},"26":{"start":{"line":34,"column":8},"end":{"line":34,"column":83}},"27":{"start":{"line":37,"column":6},"end":{"line":37,"column":29}},"28":{"start":{"line":40,"column":4},"end":{"line":43,"column":5}},"29":{"start":{"line":44,"column":4},"end":{"line":44,"column":99}},"30":{"start":{"line":45,"column":4},"end":{"line":45,"column":70}},"31":{"start":{"line":46,"column":9},"end":{"line":51,"column":3}},"32":{"start":{"line":47,"column":4},"end":{"line":47,"column":56}},"33":{"start":{"line":48,"column":4},"end":{"line":48,"column":53}},"34":{"start":{"line":49,"column":4},"end":{"line":49,"column":48}},"35":{"start":{"line":50,"column":4},"end":{"line":50,"column":107}},"36":{"start":{"line":53,"column":2},"end":{"line":53,"column":17}},"37":{"start":{"line":54,"column":2},"end":{"line":76,"column":3}},"38":{"start":{"line":55,"column":4},"end":{"line":63,"column":5}},"39":{"start":{"line":56,"column":6},"end":{"line":56,"column":39}},"40":{"start":{"line":57,"column":6},"end":{"line":59,"column":7}},"41":{"start":{"line":58,"column":8},"end":{"line":58,"column":85}},"42":{"start":{"line":61,"column":6},"end":{"line":61,"column":30}},"43":{"start":{"line":62,"column":6},"end":{"line":62,"column":69}},"44":{"start":{"line":62,"column":41},"end":{"line":62,"column":68}},"45":{"start":{"line":65,"column":4},"end":{"line":68,"column":5}},"46":{"start":{"line":69,"column":4},"end":{"line":69,"column":102}},"47":{"start":{"line":70,"column":4},"end":{"line":70,"column":74}},"48":{"start":{"line":71,"column":9},"end":{"line":76,"column":3}},"49":{"start":{"line":72,"column":4},"end":{"line":72,"column":58}},"50":{"start":{"line":73,"column":4},"end":{"line":73,"column":55}},"51":{"start":{"line":74,"column":4},"end":{"line":74,"column":50}},"52":{"start":{"line":75,"column":4},"end":{"line":75,"column":112}},"53":{"start":{"line":78,"column":2},"end":{"line":81,"column":3}},"54":{"start":{"line":79,"column":4},"end":{"line":79,"column":85}},"55":{"start":{"line":80,"column":4},"end":{"line":80,"column":75}},"56":{"start":{"line":84,"column":0},"end":{"line":84,"column":40}},"57":{"start":{"line":86,"column":0},"end":{"line":94,"column":1}},"58":{"start":{"line":87,"column":2},"end":{"line":87,"column":17}},"59":{"start":{"line":89,"column":2},"end":{"line":93,"column":3}},"60":{"start":{"line":90,"column":4},"end":{"line":90,"column":32}},"61":{"start":{"line":91,"column":9},"end":{"line":93,"column":3}},"62":{"start":{"line":92,"column":4},"end":{"line":92,"column":29}},"63":{"start":{"line":96,"column":0},"end":{"line":108,"column":1}},"64":{"start":{"line":97,"column":2},"end":{"line":97,"column":17}},"65":{"start":{"line":98,"column":2},"end":{"line":98,"column":27}},"66":{"start":{"line":100,"column":2},"end":{"line":100,"column":36}},"67":{"start":{"line":101,"column":2},"end":{"line":105,"column":4}},"68":{"start":{"line":102,"column":4},"end":{"line":104,"column":5}},"69":{"start":{"line":103,"column":6},"end":{"line":103,"column":62}},"70":{"start":{"line":107,"column":2},"end":{"line":107,"column":25}},"71":{"start":{"line":110,"column":0},"end":{"line":179,"column":1}},"72":{"start":{"line":111,"column":2},"end":{"line":111,"column":17}},"73":{"start":{"line":113,"column":2},"end":{"line":178,"column":3}},"74":{"start":{"line":114,"column":4},"end":{"line":114,"column":55}},"75":{"start":{"line":115,"column":4},"end":{"line":115,"column":64}},"76":{"start":{"line":117,"column":4},"end":{"line":117,"column":46}},"77":{"start":{"line":117,"column":18},"end":{"line":117,"column":45}},"78":{"start":{"line":118,"column":4},"end":{"line":118,"column":49}},"79":{"start":{"line":118,"column":19},"end":{"line":118,"column":48}},"80":{"start":{"line":119,"column":4},"end":{"line":119,"column":41}},"81":{"start":{"line":119,"column":24},"end":{"line":119,"column":40}},"82":{"start":{"line":121,"column":4},"end":{"line":131,"column":5}},"83":{"start":{"line":122,"column":6},"end":{"line":122,"column":31}},"84":{"start":{"line":124,"column":6},"end":{"line":127,"column":7}},"85":{"start":{"line":125,"column":8},"end":{"line":125,"column":72}},"86":{"start":{"line":126,"column":8},"end":{"line":126,"column":136}},"87":{"start":{"line":128,"column":6},"end":{"line":130,"column":7}},"88":{"start":{"line":129,"column":8},"end":{"line":129,"column":86}},"89":{"start":{"line":133,"column":4},"end":{"line":177,"column":6}},"90":{"start":{"line":134,"column":6},"end":{"line":134,"column":42}},"91":{"start":{"line":134,"column":17},"end":{"line":134,"column":41}},"92":{"start":{"line":135,"column":6},"end":{"line":176,"column":7}},"93":{"start":{"line":136,"column":8},"end":{"line":136,"column":111}},"94":{"start":{"line":137,"column":8},"end":{"line":141,"column":9}},"95":{"start":{"line":138,"column":10},"end":{"line":140,"column":11}},"96":{"start":{"line":139,"column":12},"end":{"line":139,"column":34}},"97":{"start":{"line":142,"column":8},"end":{"line":171,"column":10}},"98":{"start":{"line":143,"column":10},"end":{"line":143,"column":31}},"99":{"start":{"line":145,"column":10},"end":{"line":158,"column":11}},"100":{"start":{"line":146,"column":12},"end":{"line":146,"column":35}},"101":{"start":{"line":147,"column":12},"end":{"line":151,"column":13}},"102":{"start":{"line":148,"column":14},"end":{"line":148,"column":31}},"103":{"start":{"line":150,"column":14},"end":{"line":150,"column":32}},"104":{"start":{"line":153,"column":12},"end":{"line":153,"column":33}},"105":{"start":{"line":154,"column":12},"end":{"line":157,"column":13}},"106":{"start":{"line":155,"column":14},"end":{"line":155,"column":114}},"107":{"start":{"line":156,"column":14},"end":{"line":156,"column":43}},"108":{"start":{"line":160,"column":10},"end":{"line":170,"column":11}},"109":{"start":{"line":161,"column":12},"end":{"line":161,"column":65}},"110":{"start":{"line":162,"column":17},"end":{"line":170,"column":11}},"111":{"start":{"line":163,"column":12},"end":{"line":163,"column":52}},"112":{"start":{"line":164,"column":12},"end":{"line":164,"column":37}},"113":{"start":{"line":165,"column":12},"end":{"line":165,"column":79}},"114":{"start":{"line":165,"column":50},"end":{"line":165,"column":78}},"115":{"start":{"line":166,"column":17},"end":{"line":170,"column":11}},"116":{"start":{"line":167,"column":12},"end":{"line":167,"column":52}},"117":{"start":{"line":168,"column":12},"end":{"line":168,"column":76}},"118":{"start":{"line":169,"column":12},"end":{"line":169,"column":78}},"119":{"start":{"line":169,"column":50},"end":{"line":169,"column":77}},"120":{"start":{"line":173,"column":8},"end":{"line":173,"column":48}},"121":{"start":{"line":174,"column":8},"end":{"line":174,"column":71}},"122":{"start":{"line":175,"column":8},"end":{"line":175,"column":74}},"123":{"start":{"line":175,"column":46},"end":{"line":175,"column":73}},"124":{"start":{"line":181,"column":0},"end":{"line":181,"column":28}}},"branchMap":{"1":{"line":17,"type":"if","locations":[{"start":{"line":17,"column":2},"end":{"line":17,"column":2}},{"start":{"line":17,"column":2},"end":{"line":17,"column":2}}]},"2":{"line":17,"type":"binary-expr","locations":[{"start":{"line":17,"column":6},"end":{"line":17,"column":33}},{"start":{"line":17,"column":37},"end":{"line":17,"column":69}}]},"3":{"line":23,"type":"if","locations":[{"start":{"line":23,"column":2},"end":{"line":23,"column":2}},{"start":{"line":23,"column":2},"end":{"line":23,"column":2}}]},"4":{"line":30,"type":"if","locations":[{"start":{"line":30,"column":2},"end":{"line":30,"column":2}},{"start":{"line":30,"column":2},"end":{"line":30,"column":2}}]},"5":{"line":30,"type":"binary-expr","locations":[{"start":{"line":30,"column":6},"end":{"line":30,"column":24}},{"start":{"line":30,"column":28},"end":{"line":30,"column":56}}]},"6":{"line":31,"type":"if","locations":[{"start":{"line":31,"column":4},"end":{"line":31,"column":4}},{"start":{"line":31,"column":4},"end":{"line":31,"column":4}}]},"7":{"line":33,"type":"if","locations":[{"start":{"line":33,"column":6},"end":{"line":33,"column":6}},{"start":{"line":33,"column":6},"end":{"line":33,"column":6}}]},"8":{"line":46,"type":"if","locations":[{"start":{"line":46,"column":9},"end":{"line":46,"column":9}},{"start":{"line":46,"column":9},"end":{"line":46,"column":9}}]},"9":{"line":54,"type":"if","locations":[{"start":{"line":54,"column":2},"end":{"line":54,"column":2}},{"start":{"line":54,"column":2},"end":{"line":54,"column":2}}]},"10":{"line":54,"type":"binary-expr","locations":[{"start":{"line":54,"column":6},"end":{"line":54,"column":25}},{"start":{"line":54,"column":29},"end":{"line":54,"column":58}}]},"11":{"line":55,"type":"if","locations":[{"start":{"line":55,"column":4},"end":{"line":55,"column":4}},{"start":{"line":55,"column":4},"end":{"line":55,"column":4}}]},"12":{"line":57,"type":"if","locations":[{"start":{"line":57,"column":6},"end":{"line":57,"column":6}},{"start":{"line":57,"column":6},"end":{"line":57,"column":6}}]},"13":{"line":62,"type":"if","locations":[{"start":{"line":62,"column":6},"end":{"line":62,"column":6}},{"start":{"line":62,"column":6},"end":{"line":62,"column":6}}]},"14":{"line":71,"type":"if","locations":[{"start":{"line":71,"column":9},"end":{"line":71,"column":9}},{"start":{"line":71,"column":9},"end":{"line":71,"column":9}}]},"15":{"line":78,"type":"if","locations":[{"start":{"line":78,"column":2},"end":{"line":78,"column":2}},{"start":{"line":78,"column":2},"end":{"line":78,"column":2}}]},"16":{"line":78,"type":"binary-expr","locations":[{"start":{"line":78,"column":6},"end":{"line":78,"column":34}},{"start":{"line":78,"column":38},"end":{"line":78,"column":60}}]},"17":{"line":89,"type":"if","locations":[{"start":{"line":89,"column":2},"end":{"line":89,"column":2}},{"start":{"line":89,"column":2},"end":{"line":89,"column":2}}]},"18":{"line":91,"type":"if","locations":[{"start":{"line":91,"column":9},"end":{"line":91,"column":9}},{"start":{"line":91,"column":9},"end":{"line":91,"column":9}}]},"19":{"line":102,"type":"if","locations":[{"start":{"line":102,"column":4},"end":{"line":102,"column":4}},{"start":{"line":102,"column":4},"end":{"line":102,"column":4}}]},"20":{"line":113,"type":"if","locations":[{"start":{"line":113,"column":2},"end":{"line":113,"column":2}},{"start":{"line":113,"column":2},"end":{"line":113,"column":2}}]},"21":{"line":117,"type":"if","locations":[{"start":{"line":117,"column":4},"end":{"line":117,"column":4}},{"start":{"line":117,"column":4},"end":{"line":117,"column":4}}]},"22":{"line":118,"type":"if","locations":[{"start":{"line":118,"column":4},"end":{"line":118,"column":4}},{"start":{"line":118,"column":4},"end":{"line":118,"column":4}}]},"23":{"line":119,"type":"if","locations":[{"start":{"line":119,"column":4},"end":{"line":119,"column":4}},{"start":{"line":119,"column":4},"end":{"line":119,"column":4}}]},"24":{"line":121,"type":"if","locations":[{"start":{"line":121,"column":4},"end":{"line":121,"column":4}},{"start":{"line":121,"column":4},"end":{"line":121,"column":4}}]},"25":{"line":124,"type":"if","locations":[{"start":{"line":124,"column":6},"end":{"line":124,"column":6}},{"start":{"line":124,"column":6},"end":{"line":124,"column":6}}]},"26":{"line":128,"type":"if","locations":[{"start":{"line":128,"column":6},"end":{"line":128,"column":6}},{"start":{"line":128,"column":6},"end":{"line":128,"column":6}}]},"27":{"line":134,"type":"if","locations":[{"start":{"line":134,"column":6},"end":{"line":134,"column":6}},{"start":{"line":134,"column":6},"end":{"line":134,"column":6}}]},"28":{"line":135,"type":"if","locations":[{"start":{"line":135,"column":6},"end":{"line":135,"column":6}},{"start":{"line":135,"column":6},"end":{"line":135,"column":6}}]},"29":{"line":135,"type":"binary-expr","locations":[{"start":{"line":135,"column":10},"end":{"line":135,"column":14}},{"start":{"line":135,"column":19},"end":{"line":135,"column":57}},{"start":{"line":135,"column":61},"end":{"line":135,"column":101}}]},"30":{"line":137,"type":"if","locations":[{"start":{"line":137,"column":8},"end":{"line":137,"column":8}},{"start":{"line":137,"column":8},"end":{"line":137,"column":8}}]},"31":{"line":145,"type":"if","locations":[{"start":{"line":145,"column":10},"end":{"line":145,"column":10}},{"start":{"line":145,"column":10},"end":{"line":145,"column":10}}]},"32":{"line":147,"type":"if","locations":[{"start":{"line":147,"column":12},"end":{"line":147,"column":12}},{"start":{"line":147,"column":12},"end":{"line":147,"column":12}}]},"33":{"line":147,"type":"binary-expr","locations":[{"start":{"line":147,"column":16},"end":{"line":147,"column":54}},{"start":{"line":147,"column":58},"end":{"line":147,"column":98}}]},"34":{"line":154,"type":"if","locations":[{"start":{"line":154,"column":12},"end":{"line":154,"column":12}},{"start":{"line":154,"column":12},"end":{"line":154,"column":12}}]},"35":{"line":160,"type":"if","locations":[{"start":{"line":160,"column":10},"end":{"line":160,"column":10}},{"start":{"line":160,"column":10},"end":{"line":160,"column":10}}]},"36":{"line":160,"type":"binary-expr","locations":[{"start":{"line":160,"column":14},"end":{"line":160,"column":29}},{"start":{"line":160,"column":33},"end":{"line":160,"column":43}}]},"37":{"line":162,"type":"if","locations":[{"start":{"line":162,"column":17},"end":{"line":162,"column":17}},{"start":{"line":162,"column":17},"end":{"line":162,"column":17}}]},"38":{"line":165,"type":"if","locations":[{"start":{"line":165,"column":12},"end":{"line":165,"column":12}},{"start":{"line":165,"column":12},"end":{"line":165,"column":12}}]},"39":{"line":166,"type":"if","locations":[{"start":{"line":166,"column":17},"end":{"line":166,"column":17}},{"start":{"line":166,"column":17},"end":{"line":166,"column":17}}]},"40":{"line":169,"type":"if","locations":[{"start":{"line":169,"column":12},"end":{"line":169,"column":12}},{"start":{"line":169,"column":12},"end":{"line":169,"column":12}}]},"41":{"line":175,"type":"if","locations":[{"start":{"line":175,"column":8},"end":{"line":175,"column":8}},{"start":{"line":175,"column":8},"end":{"line":175,"column":8}}]}},"code":["var util = require('util')","var http = require('http')","var https = require('https')","var path = require('path')","var EventEmitter = require('events').EventEmitter","var isUrl = require('./lib/is-url')","var vm = require('vm')","var addAuth = require('./lib/add-auth')","","var elasticdump = function (input, output, options) {","  var self = this","","  self.input = input","  self.output = output","  self.options = options","","  if (self.options.toLog === null || self.options.toLog === undefined) {","    self.options.toLog = true","  }","","  self.validationErrors = self.validateOptions()","","  if (options.maxSockets) {","    self.log('globally setting maxSockets=' + options.maxSockets)","    http.globalAgent.maxSockets = options.maxSockets","    https.globalAgent.maxSockets = options.maxSockets","  }","","  var InputProto","  if (self.options.input && !self.options.inputTransport) {","    if (isUrl(self.options.input)) {","      self.inputType = 'elasticsearch'","      if (self.options.httpAuthFile) {","        self.options.input = addAuth(self.options.input, self.options.httpAuthFile)","      }","    } else {","      self.inputType = 'file'","    }","","    var inputOpts = {","      index: self.options['input-index'],","      headers: self.options['headers']","    }","    InputProto = require(path.join(__dirname, 'lib', 'transports', self.inputType))[self.inputType]","    self.input = (new InputProto(self, self.options.input, inputOpts))","  } else if (self.options.inputTransport) {","    self.inputType = String(self.options.inputTransport)","    InputProto = require(self.options.inputTransport)","    var inputProtoKeys = Object.keys(InputProto)","    self.input = (new InputProto[inputProtoKeys[0]](self, self.options.input, self.options['input-index']))","  }","","  var OutputProto","  if (self.options.output && !self.options.outputTransport) {","    if (isUrl(self.options.output)) {","      self.outputType = 'elasticsearch'","      if (self.options.httpAuthFile) {","        self.options.output = addAuth(self.options.output, self.options.httpAuthFile)","      }","    } else {","      self.outputType = 'file'","      if (self.options.output === '$') { self.options.toLog = false }","    }","","    var outputOpts = {","      index: self.options['output-index'],","      headers: self.options['headers']","    }","    OutputProto = require(path.join(__dirname, 'lib', 'transports', self.outputType))[self.outputType]","    self.output = (new OutputProto(self, self.options.output, outputOpts))","  } else if (self.options.outputTransport) {","    self.outputType = String(self.options.outputTransport)","    OutputProto = require(self.options.outputTransport)","    var outputProtoKeys = Object.keys(OutputProto)","    self.output = (new OutputProto[outputProtoKeys[0]](self, self.options.output, self.options['output-index']))","  }","","  if (self.options.type === 'data' && self.options.transform) {","    var modificationScriptText = '(function(doc) { ' + self.options.transform + ' })'","    self.modifier = new vm.Script(modificationScriptText).runInNewContext()","  }","}","","util.inherits(elasticdump, EventEmitter)","","elasticdump.prototype.log = function (message) {","  var self = this","","  if (typeof self.options.logger === 'function') {","    self.options.logger(message)","  } else if (self.options.toLog === true) {","    self.emit('log', message)","  }","}","","elasticdump.prototype.validateOptions = function () {","  var self = this","  var validationErrors = []","","  var required = ['input', 'output']","  required.forEach(function (v) {","    if (!self.options[v]) {","      validationErrors.push('`' + v + '` is a required input')","    }","  })","","  return validationErrors","}","","elasticdump.prototype.dump = function (callback, continuing, limit, offset, totalWrites) {","  var self = this","","  if (self.validationErrors.length > 0) {","    self.emit('error', {errors: self.validationErrors})","    callback(new Error('There was an error starting this dump'))","  } else {","    if (!limit) { limit = self.options.limit }","    if (!offset) { offset = self.options.offset }","    if (!totalWrites) { totalWrites = 0 }","","    if (continuing !== true) {","      self.log('starting dump')","","      if (self.options.offset) {","        self.log('Warning: offseting ' + self.options.offset + ' rows.')","        self.log(\"  * Using an offset doesn't guarantee that the offset rows have already been written, please refer to the HELP text.\")","      }","      if (self.modifier) {","        self.log('Will modify documents using this script: ' + self.options.transform)","      }","    }","","    self.input.get(limit, offset, function (err, data) {","      if (err) { self.emit('error', err) }","      if (!err || (self.options['ignore-errors'] === true || self.options['ignore-errors'] === 'true')) {","        self.log('got ' + data.length + ' objects from source ' + self.inputType + ' (offset: ' + offset + ')')","        if (self.modifier) {","          for (var i = 0; i < data.length; i++) {","            self.modifier(data[i])","          }","        }","        self.output.set(data, limit, offset, function (err, writes) {","          var toContinue = true","","          if (err) {","            self.emit('error', err)","            if (self.options['ignore-errors'] === true || self.options['ignore-errors'] === 'true') {","              toContinue = true","            } else {","              toContinue = false","            }","          } else {","            totalWrites += writes","            if (data.length > 0) {","              self.log('sent ' + data.length + ' objects to destination ' + self.outputType + ', wrote ' + writes)","              offset = offset + data.length","            }","          }","","          if (data.length > 0 && toContinue) {","            self.dump(callback, true, limit, offset, totalWrites)","          } else if (toContinue) {","            self.log('Total Writes: ' + totalWrites)","            self.log('dump complete')","            if (typeof callback === 'function') { callback(null, totalWrites) }","          } else if (toContinue === false) {","            self.log('Total Writes: ' + totalWrites)","            self.log('dump ended with error (set phase)  => ' + String(err))","            if (typeof callback === 'function') { callback(err, totalWrites) }","          }","        })","      } else {","        self.log('Total Writes: ' + totalWrites)","        self.log('dump ended with error (get phase) => ' + String(err))","        if (typeof callback === 'function') { callback(err, totalWrites) }","      }","    })","  }","}","","module.exports = elasticdump",""],"l":{"1":1,"2":1,"3":1,"4":1,"5":1,"6":1,"7":1,"8":1,"10":1,"11":0,"13":0,"14":0,"15":0,"17":0,"18":0,"21":0,"23":0,"24":0,"25":0,"26":0,"29":0,"30":0,"31":0,"32":0,"33":0,"34":0,"37":0,"40":0,"44":0,"45":0,"46":0,"47":0,"48":0,"49":0,"50":0,"53":0,"54":0,"55":0,"56":0,"57":0,"58":0,"61":0,"62":0,"65":0,"69":0,"70":0,"71":0,"72":0,"73":0,"74":0,"75":0,"78":0,"79":0,"80":0,"84":1,"86":1,"87":0,"89":0,"90":0,"91":0,"92":0,"96":1,"97":0,"98":0,"100":0,"101":0,"102":0,"103":0,"107":0,"110":1,"111":0,"113":0,"114":0,"115":0,"117":0,"118":0,"119":0,"121":0,"122":0,"124":0,"125":0,"126":0,"128":0,"129":0,"133":0,"134":0,"135":0,"136":0,"137":0,"138":0,"139":0,"142":0,"143":0,"145":0,"146":0,"147":0,"148":0,"150":0,"153":0,"154":0,"155":0,"156":0,"160":0,"161":0,"162":0,"163":0,"164":0,"165":0,"166":0,"167":0,"168":0,"169":0,"173":0,"174":0,"175":0,"181":1}},"/home/travis/build/npmtest/node-npmtest-elasticdump/node_modules/elasticdump/lib/is-url.js":{"path":"/home/travis/build/npmtest/node-npmtest-elasticdump/node_modules/elasticdump/lib/is-url.js","s":{"1":1,"2":1,"3":0,"4":0,"5":0,"6":0},"b":{"1":[0,0],"2":[0,0]},"f":{"1":0},"fnMap":{"1":{"name":"isUrl","line":6,"loc":{"start":{"line":6,"column":0},"end":{"line":6,"column":21}}}},"statementMap":{"1":{"start":{"line":1,"column":0},"end":{"line":1,"column":22}},"2":{"start":{"line":6,"column":0},"end":{"line":10,"column":1}},"3":{"start":{"line":7,"column":2},"end":{"line":7,"column":24}},"4":{"start":{"line":7,"column":12},"end":{"line":7,"column":24}},"5":{"start":{"line":8,"column":2},"end":{"line":8,"column":22}},"6":{"start":{"line":9,"column":2},"end":{"line":9,"column":70}}},"branchMap":{"1":{"line":7,"type":"if","locations":[{"start":{"line":7,"column":2},"end":{"line":7,"column":2}},{"start":{"line":7,"column":2},"end":{"line":7,"column":2}}]},"2":{"line":9,"type":"binary-expr","locations":[{"start":{"line":9,"column":9},"end":{"line":9,"column":37}},{"start":{"line":9,"column":41},"end":{"line":9,"column":70}}]}},"code":["module.exports = isUrl","","// Naive attempt at detecting a url.","// Should work for elasticdump use case, as file paths","// should not start with http:// or https:// and urls should.","function isUrl (url) {","  if (!url) return false","  url = url.toString()","  return url.indexOf('http://') === 0 || url.indexOf('https://') === 0","}",""],"l":{"1":1,"6":1,"7":0,"8":0,"9":0}},"/home/travis/build/npmtest/node-npmtest-elasticdump/node_modules/elasticdump/lib/add-auth.js":{"path":"/home/travis/build/npmtest/node-npmtest-elasticdump/node_modules/elasticdump/lib/add-auth.js","s":{"1":1,"2":1,"3":1,"4":1,"5":1,"6":0,"7":0,"8":0,"9":0,"10":0,"11":0,"12":0,"13":0,"14":0},"b":{"1":[0,0],"2":[0,0],"3":[0,0]},"f":{"1":0},"fnMap":{"1":{"name":"addAuth","line":7,"loc":{"start":{"line":7,"column":0},"end":{"line":7,"column":42}}}},"statementMap":{"1":{"start":{"line":1,"column":0},"end":{"line":1,"column":22}},"2":{"start":{"line":2,"column":0},"end":{"line":2,"column":24}},"3":{"start":{"line":3,"column":0},"end":{"line":3,"column":24}},"4":{"start":{"line":5,"column":0},"end":{"line":5,"column":24}},"5":{"start":{"line":7,"column":0},"end":{"line":20,"column":1}},"6":{"start":{"line":8,"column":2},"end":{"line":8,"column":62}},"7":{"start":{"line":9,"column":2},"end":{"line":13,"column":3}},"8":{"start":{"line":10,"column":4},"end":{"line":10,"column":60}},"9":{"start":{"line":12,"column":4},"end":{"line":12,"column":42}},"10":{"start":{"line":14,"column":2},"end":{"line":14,"column":41}},"11":{"start":{"line":15,"column":2},"end":{"line":18,"column":3}},"12":{"start":{"line":16,"column":4},"end":{"line":16,"column":31}},"13":{"start":{"line":17,"column":4},"end":{"line":17,"column":40}},"14":{"start":{"line":19,"column":2},"end":{"line":19,"column":21}}},"branchMap":{"1":{"line":9,"type":"if","locations":[{"start":{"line":9,"column":2},"end":{"line":9,"column":2}},{"start":{"line":9,"column":2},"end":{"line":9,"column":2}}]},"2":{"line":9,"type":"binary-expr","locations":[{"start":{"line":9,"column":6},"end":{"line":9,"column":19}},{"start":{"line":9,"column":23},"end":{"line":9,"column":40}}]},"3":{"line":15,"type":"if","locations":[{"start":{"line":15,"column":2},"end":{"line":15,"column":2}},{"start":{"line":15,"column":2},"end":{"line":15,"column":2}}]}},"code":["var fs = require('fs')","var ini = require('ini')","var url = require('url')","","module.exports = addAuth","","function addAuth (urlToAddAuth, authFile) {","  var authConf = ini.parse(fs.readFileSync(authFile, 'utf-8'))","  if (authConf.user && authConf.password) {","    var authString = authConf.user + ':' + authConf.password","  } else {","    throw new Error('Malformed Auth File')","  }","  var urlObject = url.parse(urlToAddAuth)","  if (!urlObject.auth) {","    urlObject.auth = authString","    urlToAddAuth = url.format(urlObject)","  }","  return urlToAddAuth","}",""],"l":{"1":1,"2":1,"3":1,"5":1,"7":1,"8":0,"9":0,"10":0,"12":0,"14":0,"15":0,"16":0,"17":0,"19":0}},"/home/travis/build/npmtest/node-npmtest-elasticdump/node_modules/elasticdump/lib/aws4signer.
[...]
5":0,"131":0,"133":0,"139":0,"141":0,"147":0,"149":0,"150":0,"151":0,"152":0,"153":0,"154":0,"155":0,"156":0,"159":0,"160":0,"162":0,"163":0,"164":0,"165":0,"167":0,"169":0,"176":0,"177":0,"178":0,"179":0,"180":0,"182":0,"183":0,"184":0,"185":0,"186":0,"187":0,"189":0,"194":0,"195":0,"196":0,"197":0,"199":0,"203":0,"205":0,"206":0,"208":0,"209":0,"211":0,"213":0,"214":0,"215":0,"216":0,"217":0,"219":0,"220":0,"221":0,"223":0,"227":0,"228":0,"229":0,"235":0,"237":0,"238":0,"240":0,"241":0,"242":0,"243":0,"244":0,"245":0,"247":0,"248":0,"249":0,"258":0,"259":0,"260":0,"261":0,"263":0,"264":0,"266":0,"268":0,"269":0,"270":0,"271":0,"272":0,"273":0,"274":0,"275":0,"276":0,"277":0,"280":0,"281":0,"282":0,"286":0,"291":0,"293":0,"294":0,"295":0,"296":0,"297":0,"299":0,"305":0,"307":0,"308":0,"309":0,"310":0,"311":0,"312":0,"315":0,"317":0,"318":0,"319":0,"324":0,"326":0,"327":0,"328":0,"329":0,"330":0,"333":0,"338":0,"344":0,"345":0,"347":0,"351":0,"353":0,"354":0,"357":0,"361":0,"362":0,"367":0,"368":0,"370":0,"371":0,"372":0,"374":0,"376":0,"383":0,"384":0,"386":0,"387":0,"389":0,"390":0,"391":0,"392":0,"394":0,"395":0,"398":0,"399":0,"401":0,"402":0,"407":0,"408":0,"411":0,"413":0,"414":0,"415":0,"417":0,"418":0,"419":0,"420":0,"421":0,"423":0,"424":0,"425":0,"427":0,"432":0,"434":0,"435":0,"440":0,"441":0,"442":0,"444":0,"445":0,"449":0,"451":0,"452":0,"453":0,"458":0,"459":0,"461":0,"465":0,"467":0,"468":0,"472":0,"484":1,"485":0,"487":0,"489":0,"490":0,"491":0,"492":0,"496":0,"497":0,"498":0,"499":0,"500":0,"501":0,"502":0,"503":0,"504":0,"505":0,"511":0,"514":0,"517":0,"522":0,"524":0,"525":0,"526":0,"527":0,"530":0,"531":0,"533":0,"534":0,"535":0,"536":0,"539":0,"540":0,"542":0,"543":0,"544":0,"547":0,"548":0,"550":0,"551":0,"552":0,"553":0,"554":0,"555":0,"556":0,"557":0,"558":0,"559":0,"561":0,"567":0,"568":0,"572":0,"573":0,"574":0,"575":0,"578":0,"580":0,"584":0,"588":0}},"/home/travis/build/npmtest/node-npmtest-elasticdump/node_modules/elasticdump/lib/transports/file.js":{"path":"/home/travis/build/npmtest/node-npmtest-elasticdump/node_modules/elasticdump/lib/transports/file.js","s":{"1":1,"2":1,"3":1,"4":1,"5":1,"6":0,"7":0,"8":0,"9":0,"10":0,"11":0,"12":0,"13":1,"14":0,"15":0,"16":0,"17":0,"18":0,"19":0,"20":0,"21":0,"22":0,"23":1,"24":0,"25":0,"26":0,"27":0,"28":0,"29":0,"30":0,"31":0,"32":0,"33":0,"34":0,"35":0,"36":0,"37":0,"38":0,"39":0,"40":0,"41":0,"42":0,"43":0,"44":0,"45":1,"46":0,"47":0,"48":0,"49":0,"50":0,"51":0,"52":0,"53":0,"54":0,"55":0,"56":1,"57":0,"58":0,"59":0,"60":0,"61":0,"62":0,"63":0,"64":0,"65":0,"66":0,"67":0,"68":0,"69":0,"70":0,"71":0,"72":0,"73":0,"74":0,"75":0,"76":0,"77":0,"78":0,"79":0,"80":0,"81":0,"82":0,"83":0,"84":1,"85":0,"86":1},"b":{"1":[0,0],"2":[0,0],"3":[0,0],"4":[0,0],"5":[0,0],"6":[0,0],"7":[0,0],"8":[0,0],"9":[0,0,0],"10":[0,0],"11":[0,0],"12":[0,0],"13":[0,0],"14":[0,0],"15":[0,0],"16":[0,0],"17":[0,0]},"f":{"1":0,"2":0,"3":0,"4":0,"5":0,"6":0,"7":0,"8":0,"9":0,"10":0,"11":0,"12":0},"fnMap":{"1":{"name":"(anonymous_1)","line":6,"loc":{"start":{"line":6,"column":11},"end":{"line":6,"column":44}}},"2":{"name":"(anonymous_2)","line":18,"loc":{"start":{"line":18,"column":21},"end":{"line":18,"column":56}}},"3":{"name":"(anonymous_3)","line":35,"loc":{"start":{"line":35,"column":26},"end":{"line":35,"column":44}}},"4":{"name":"(anonymous_4)","line":49,"loc":{"start":{"line":49,"column":25},"end":{"line":49,"column":41}}},"5":{"name":"(anonymous_5)","line":64,"loc":{"start":{"line":64,"column":26},"end":{"line":64,"column":39}}},"6":{"name":"(anonymous_6)","line":68,"loc":{"start":{"line":68,"column":24},"end":{"line":68,"column":36}}},"7":{"name":"(anonymous_7)","line":75,"loc":{"start":{"line":75,"column":31},"end":{"line":75,"column":71}}},"8":{"name":"(anonymous_8)","line":97,"loc":{"start":{"line":97,"column":21},"end":{"line":97,"column":62}}},"9":{"name":"(anonymous_9)","line":121,"loc":{"start":{"line":121,"column":30},"end":{"line":121,"column":42}}},"10":{"name":"(anonymous_10)","line":129,"loc":{"start":{"line":129,"column":17},"end":{"line":129,"column":33}}},"11":{"name":"(anonymous_11)","line":146,"loc":{"start":{"line":146,"column":21},"end":{"line":146,"column":33}}},"12":{"name":"(anonymous_12)","line":152,"loc":{"start":{"line":152,"column":21},"end":{"line":152,"column":37}}}},"statementMap":{"1":{"start":{"line":1,"column":0},"end":{"line":1,"column":26}},"2":{"start":{"line":2,"column":0},"end":{"line":2,"column":38}},"3":{"start":{"line":3,"column":0},"end":{"line":3,"column":22}},"4":{"start":{"line":4,"column":0},"end":{"line":4,"column":33}},"5":{"start":{"line":6,"column":0},"end":{"line":14,"column":1}},"6":{"start":{"line":7,"column":2},"end":{"line":7,"column":24}},"7":{"start":{"line":8,"column":2},"end":{"line":8,"column":22}},"8":{"start":{"line":9,"column":2},"end":{"line":9,"column":18}},"9":{"start":{"line":10,"column":2},"end":{"line":10,"column":22}},"10":{"start":{"line":11,"column":2},"end":{"line":11,"column":27}},"11":{"start":{"line":12,"column":2},"end":{"line":12,"column":20}},"12":{"start":{"line":13,"column":2},"end":{"line":13,"column":25}},"13":{"start":{"line":18,"column":0},"end":{"line":33,"column":1}},"14":{"start":{"line":19,"column":2},"end":{"line":19,"column":17}},"15":{"start":{"line":20,"column":2},"end":{"line":20,"column":27}},"16":{"start":{"line":21,"column":2},"end":{"line":21,"column":33}},"17":{"start":{"line":22,"column":2},"end":{"line":22,"column":27}},"18":{"start":{"line":24,"column":2},"end":{"line":28,"column":3}},"19":{"start":{"line":25,"column":4},"end":{"line":25,"column":25}},"20":{"start":{"line":27,"column":4},"end":{"line":27,"column":28}},"21":{"start":{"line":30,"column":2},"end":{"line":32,"column":3}},"22":{"start":{"line":31,"column":4},"end":{"line":31,"column":50}},"23":{"start":{"line":35,"column":0},"end":{"line":73,"column":1}},"24":{"start":{"line":36,"column":2},"end":{"line":36,"column":17}},"25":{"start":{"line":38,"column":2},"end":{"line":38,"column":24}},"26":{"start":{"line":39,"column":2},"end":{"line":39,"column":34}},"27":{"start":{"line":41,"column":2},"end":{"line":41,"column":60}},"28":{"start":{"line":41,"column":30},"end":{"line":41,"column":59}},"29":{"start":{"line":43,"column":2},"end":{"line":47,"column":3}},"30":{"start":{"line":44,"column":4},"end":{"line":44,"column":35}},"31":{"start":{"line":46,"column":4},"end":{"line":46,"column":52}},"32":{"start":{"line":49,"column":2},"end":{"line":62,"column":4}},"33":{"start":{"line":50,"column":4},"end":{"line":54,"column":5}},"34":{"start":{"line":51,"column":6},"end":{"line":51,"column":27}},"35":{"start":{"line":53,"column":6},"end":{"line":53,"column":34}},"36":{"start":{"line":56,"column":4},"end":{"line":56,"column":27}},"37":{"start":{"line":57,"column":4},"end":{"line":57,"column":22}},"38":{"start":{"line":59,"column":4},"end":{"line":61,"column":5}},"39":{"start":{"line":60,"column":6},"end":{"line":60,"column":52}},"40":{"start":{"line":64,"column":2},"end":{"line":66,"column":4}},"41":{"start":{"line":65,"column":4},"end":{"line":65,"column":32}},"42":{"start":{"line":68,"column":2},"end":{"line":70,"column":4}},"43":{"start":{"line":69,"column":4},"end":{"line":69,"column":56}},"44":{"start":{"line":72,"column":2},"end":{"line":72,"column":35}},"45":{"start":{"line":75,"column":0},"end":{"line":93,"column":1}},"46":{"start":{"line":76,"column":2},"end":{"line":76,"column":17}},"47":{"start":{"line":77,"column":2},"end":{"line":77,"column":15}},"48":{"start":{"line":79,"column":2},"end":{"line":79,"column":25}},"49":{"start":{"line":81,"column":2},"end":{"line":81,"column":39}},"50":{"start":{"line":81,"column":15},"end":{"line":81,"column":38}},"51":{"start":{"line":84,"column":2},"end":{"line":86,"column":3}},"52":{"start":{"line":85,"column":4},"end":{"line":85,"column":35}},"53":{"start":{"line":88,"column":2},"end":{"line":90,"column":3}},"54":{"start":{"line":89,"column":4},"end":{"line":89,"column":38}},"55":{"start":{"line":92,"column":2},"end":{"line":92,"column":29}},"56":{"start":{"line":97,"column":0},"end":{"line":150,"column":1}},"57":{"start":{"line":98,"column":2},"end":{"line":98,"column":17}},"58":{"start":{"line":99,"column":2},"end":{"line":99,"column":18}},"59":{"start":{"line":100,"column":2},"end":{"line":100,"column":16}},"60":{"start":{"line":102,"column":2},"end":{"line":102,"column":22}},"61":{"start":{"line":104,"column":2},"end":{"line":115,"column":3}},"62":{"start":{"line":105,"column":4},"end":{"line":114,"column":5}},"63":{"start":{"line":106,"column":6},"end":{"line":106,"column":34}},"64":{"start":{"line":109,"column":6},"end":{"line":113,"column":7}},"65":{"start":{"line":110,"column":8},"end":{"line":110,"column":87}},"66":{"start":{"line":112,"column":8},"end":{"line":112,"column":53}},"67":{"start":{"line":117,"column":2},"end":{"line":149,"column":3}},"68":{"start":{"line":118,"column":4},"end":{"line":127,"column":5}},"69":{"start":{"line":119,"column":6},"end":{"line":119,"column":56}},"70":{"start":{"line":121,"column":6},"end":{"line":124,"column":8}},"71":{"start":{"line":122,"column":8},"end":{"line":122,"column":26}},"72":{"start":{"line":123,"column":8},"end":{"line":123,"column":47}},"73":{"start":{"line":126,"column":6},"end":{"line":126,"column":23}},"74":{"start":{"line":129,"column":4},"end":{"line":144,"column":6}},"75":{"start":{"line":131,"column":6},"end":{"line":135,"column":7}},"76":{"start":{"line":132,"column":8},"end":{"line":132,"column":33}},"77":{"start":{"line":134,"column":8},"end":{"line":134,"column":25}},"78":{"start":{"line":137,"column":6},"end":{"line":141,"column":7}},"79":{"start":{"line":138,"column":8},"end":{"line":138,"column":59}},"80":{"start":{"line":140,"column":8},"end":{"line":140,"column":44}},"81":{"start":{"line":143,"column":6},"end":{"line":143,"column":24}},"82":{"start":{"line":146,"column":4},"end":{"line":148,"column":6}},"83":{"start":{"line":147,"column":6},"end":{"line":147,"column":39}},"84":{"start":{"line":152,"column":0},"end":{"line":154,"column":1}},"85":{"start":{"line":153,"column":2},"end":{"line":153,"column":37}},"86":{"start":{"line":156,"column":0},"end":{"line":156,"column":19}}},"branchMap":{"1":{"line":24,"type":"if","locations":[{"start":{"line":24,"column":2},"end":{"line":24,"column":2}},{"start":{"line":24,"column":2},"end":{"line":24,"column":2}}]},"2":{"line":30,"type":"if","locations":[{"start":{"line":30,"column":2},"end":{"line":30,"column":2}},{"start":{"line":30,"column":2},"end":{"line":30,"column":2}}]},"3":{"line":41,"type":"if","locations":[{"start":{"line":41,"column":2},"end":{"line":41,"column":2}},{"start":{"line":41,"column":2},"end":{"line":41,"column":2}}]},"4":{"line":43,"type":"if","locations":[{"start":{"line":43,"column":2},"end":{"line":43,"column":2}},{"start":{"line":43,"column":2},"end":{"line":43,"column":2}}]},"5":{"line":50,"type":"if","locations":[{"start":{"line":50,"column":4},"end":{"line":50,"column":4}},{"start":{"line":50,"column":4},"end":{"line":50,"column":4}}]},"6":{"line":59,"type":"if","locations":[{"start":{"line":59,"column":4},"end":{"line":59,"column":4}},{"start":{"line":59,"column":4},"end":{"line":59,"column":4}}]},"7":{"line":81,"type":"if","locations":[{"start":{"line":81,"column":2},"end":{"line":81,"column":2}},{"start":{"line":81,"column":2},"end":{"line":81,"column":2}}]},"8":{"line":84,"type":"if","locations":[{"start":{"line":84,"column":2},"end":{"line":84,"column":2}},{"start":{"line":84,"column":2},"end":{"line":84,"column":2}}]},"9":{"line":84,"type":"binary-expr","locations":[{"start":{"line":84,"column":6},"end":{"line":84,"column":18}},{"start":{"line":84,"column":22},"end":{"line":84,"column":45}},{"start":{"line":84,"column":49},"end":{"line":84,"column":79}}]},"10":{"line":104,"type":"if","locations":[{"start":{"line":104,"column":2},"end":{"line":104,"column":2}},{"start":{"line":104,"column":2},"end":{"line":104,"column":2}}]},"11":{"line":105,"type":"if","locations":[{"start":{"line":105,"column":4},"end":{"line":105,"column":4}},{"start":{"line":105,"column":4},"end":{"line":105,"column":4}}]},"12":{"line":109,"type":"if","locations":[{"start":{"line":109,"column":6},"end":{"line":109,"column":6}},{"start":{"line":109,"column":6},"end":{"line":109,"column":6}}]},"13":{"line":117,"type":"if","locations":[{"start":{"line":117,"column":2},"end":{"line":117,"column":2}},{"start":{"line":117,"column":2},"end":{"line":117,"column":2}}]},"14":{"line":118,"type":"if","locations":[{"start":{"line":118,"column":4},"end":{"line":118,"column":4}},{"start":{"line":118,"column":4},"end":{"line":118,"column":4}}]},"15":{"line":131,"type":"if","locations":[{"start":{"line":131,"column":6},"end":{"line":131,"column":6}},{"start":{"line":131,"column":6},"end":{"line":131,"column":6}}]},"16":{"line":137,"type":"if","locations":[{"start":{"line":137,"column":6},"end":{"line":137,"column":6}},{"start":{"line":137,"column":6},"end":{"line":137,"column":6}}]},"17":{"line":137,"type":"binary-expr","locations":[{"start":{"line":137,"column":10},"end":{"line":137,"column":36}},{"start":{"line":137,"column":40},"end":{"line":137,"column":92}}]}},"code":["var util = require('util')","var JSONStream = require('JSONStream')","var fs = require('fs')","var endOfLine = require('os').EOL","","var file = function (parent, file, options) {","  this.options = options","  this.parent = parent","  this.file = file","  this.lineCounter = 0","  this.localLineCounter = 0","  this.stream = null","  this.elementsToSkip = 0","}","","// accept callback","// return (error, arr) where arr is an array of objects","file.prototype.get = function (limit, offset, callback) {","  var self = this","  self.thisGetLimit = limit","  self.thisGetCallback = callback","  self.localLineCounter = 0","","  if (self.lineCounter === 0) {","    self.setupGet(offset)","  } else {","    self.metaStream.resume()","  }","","  if (!self.metaStream.readable) {","    self.completeBatch(null, self.thisGetCallback)","  }","}","","file.prototype.setupGet = function (offset) {","  var self = this","","  self.bufferedData = []","  self.stream = JSONStream.parse()","","  if (!self.elementsToSkip) { self.elementsToSkip = offset }","","  if (self.file === '$') {","    self.metaStream = process.stdin","  } else {","    self.metaStream = fs.createReadStream(self.file)","  }","","  self.stream.on('data', function (elem) {","    if (self.elementsToSkip > 0) {","      self.elementsToSkip--","    } else {","      self.bufferedData.push(elem)","    }","","    self.localLineCounter++","    self.lineCounter++","","    if (self.localLineCounter === self.thisGetLimit) {","      self.completeBatch(null, self.thisGetCallback)","    }","  })","","  self.stream.on('error', function (e) {","    self.parent.emit('error', e)","  })","","  self.stream.on('end', function () {","    self.completeBatch(null, self.thisGetCallback, true)","  })","","  self.metaStream.pipe(self.stream)","}","","file.prototype.completeBatch = function (error, callback, streamEnded) {","  var self = this","  var data = []","","  self.metaStream.pause()","","  if (error) { return callback(error) }","","  // if we are skipping, have no data, and there is more to read we should continue on","  if (!streamEnded && self.elementsToSkip > 0 && self.bufferedData.length === 0) {","    return self.metaStream.resume()","  }","","  while (self.bufferedData.length > 0) {","    data.push(self.bufferedData.pop())","  }","","  return callback(null, data)","}","","// accept arr, callback where arr is an array of objects","// return (error, writes)","file.prototype.set = function (data, limit, offset, callback) {","  var self = this","  var error = null","  var targetElem","","  self.lineCounter = 0","","  if (!self.stream) {","    if (self.file === '$') {","      self.stream = process.stdout","    } else {","      // TODO: add options to append and replace the file","      if (fs.existsSync(self.file)) {","        return callback(new Error('File `' + self.file + '` already exists, quitting'))","      } else {","        self.stream = fs.createWriteStream(self.file)","      }","    }","  }","","  if (data.length === 0) {","    if (self.file === '$') {","      process.nextTick(callback(null, self.lineCounter))","    } else {","      self.stream.on('close', function () {","        delete self.stream","        return callback(null, self.lineCounter)","      })","","      self.stream.end()","    }","  } else {","    data.forEach(function (elem) {","      // Select _source if sourceOnly","      if (self.parent.options.sourceOnly === true) {","        targetElem = elem._source","      } else {","        targetElem = elem","      }","","      if (self.parent.options.format && self.parent.options.format.toLowerCase() === 'human') {","        self.log(util.inspect(targetElem, false, 10, true))","      } else {","        self.log(JSON.stringify(targetElem))","      }","","      self.lineCounter++","    })","","    process.nextTick(function () {","      callback(error, self.lineCounter)","    })","  }","}","","file.prototype.log = function (line) {","  this.stream.write(line + endOfLine)","}","","exports.file = file",""],"l":{"1":1,"2":1,"3":1,"4":1,"6":1,"7":0,"8":0,"9":0,"10":0,"11":0,"12":0,"13":0,"18":1,"19":0,"20":0,"21":0,"22":0,"24":0,"25":0,"27":0,"30":0,"31":0,"35":1,"36":0,"38":0,"39":0,"41":0,"43":0,"44":0,"46":0,"49":0,"50":0,"51":0,"53":0,"56":0,"57":0,"59":0,"60":0,"64":0,"65":0,"68":0,"69":0,"72":0,"75":1,"76":0,"77":0,"79":0,"81":0,"84":0,"85":0,"88":0,"89":0,"92":0,"97":1,"98":0,"99":0,"100":0,"102":0,"104":0,"105":0,"106":0,"109":0,"110":0,"112":0,"117":0,"118":0,"119":0,"121":0,"122":0,"123":0,"126":0,"129":0,"131":0,"132":0,"134":0,"137":0,"138":0,"140":0,"143":0,"146":0,"147":0,"152":1,"153":0,"156":1}},"/home/travis/build/npmtest/node-npmtest-elasticdump/node_modules/elasticdump/lib/transports/_template.js":{"path":"/home/travis/build/npmtest/node-npmtest-elasticdump/node_modules/elasticdump/lib/transports/_template.js","s":{"1":1,"2":0,"3":0,"4":1,"5":0,"6":0,"7":0,"8":1,"9":0,"10":0,"11":0,"12":1},"b":{},"f":{"1":0,"2":0,"3":0},"fnMap":{"1":{"name":"(anonymous_1)","line":1,"loc":{"start":{"line":1,"column":15},"end":{"line":1,"column":42}}},"2":{"name":"(anonymous_2)","line":8,"loc":{"start":{"line":8,"column":25},"end":{"line":8,"column":60}}},"3":{"name":"(anonymous_3)","line":17,"loc":{"start":{"line":17,"column":25},"end":{"line":17,"column":66}}}},"statementMap":{"1":{"start":{"line":1,"column":0},"end":{"line":4,"column":1}},"2":{"start":{"line":2,"column":2},"end":{"line":2,"column":24}},"3":{"start":{"line":3,"column":2},"end":{"line":3,"column":22}},"4":{"start":{"line":8,"column":0},"end":{"line":13,"column":1}},"5":{"start":{"line":9,"column":2},"end":{"line":9,"column":18}},"6":{"start":{"line":10,"column":2},"end":{"line":10,"column":15}},"7":{"start":{"line":12,"column":2},"end":{"line":12,"column":23}},"8":{"start":{"line":17,"column":0},"end":{"line":22,"column":1}},"9":{"start":{"line":18,"column":2},"end":{"line":18,"column":18}},"10":{"start":{"line":19,"column":2},"end":{"line":19,"column":16}},"11":{"start":{"line":21,"column":2},"end":{"line":21,"column":25}},"12":{"start":{"line":24,"column":0},"end":{"line":24,"column":27}}},"branchMap":{},"code":["var template = function (parent, options) {","  this.options = options","  this.parent = parent","}","","// accept callback","// return (error, arr) where arr is an array of objects","template.prototype.get = function (limit, offset, callback) {","  var error = null","  var data = []","","  callback(error, data)","}","","// accept arr, callback where writes is a count of objects written","// return (error, writes)","template.prototype.set = function (data, limit, offset, callback) {","  var error = null","  var writes = 0","","  callback(error, writes)","}","","exports.template = template",""],"l":{"1":1,"2":0,"3":0,"8":1,"9":0,"10":0,"12":0,"17":1,"18":0,"19":0,"21":0,"24":1}}}